"../../../Engine/Plugins/2D/Paper2D/Content/PlaceholderTextures/DummySpriteTexture.ubulk" 0
"../../../Engine/Plugins/2D/Paper2D/Content/PlaceholderTextures/DummySpriteTexture.uasset" 1
"../../../Engine/Plugins/2D/Paper2D/Content/PlaceholderTextures/DummySpriteTexture.uexp" 2
"../../../Engine/Plugins/2D/Paper2D/Content/DummySprite.uasset" 3
"../../../Engine/Plugins/2D/Paper2D/Content/DummySprite.uexp" 4
"../../../Engine/Plugins/2D/Paper2D/Content/DefaultPaperTerrainMaterial.uasset" 5
"../../../Engine/Plugins/2D/Paper2D/Content/DefaultPaperTerrainMaterial.uexp" 6
"../../../Engine/Plugins/Interchange/Runtime/Content/Pipelines/DefaultTexturePipeline.uasset" 7
"../../../Engine/Plugins/Interchange/Runtime/Content/Pipelines/DefaultTexturePipeline.uexp" 8
"../../../Engine/Plugins/Interchange/Runtime/Content/Pipelines/DefaultSceneLevelPipeline.uasset" 9
"../../../Engine/Plugins/Interchange/Runtime/Content/Pipelines/DefaultSceneLevelPipeline.uexp" 10
"../../../Engine/Plugins/Interchange/Runtime/Content/Pipelines/DefaultSceneAssetsPipeline.uasset" 11
"../../../Engine/Plugins/Interchange/Runtime/Content/Pipelines/DefaultSceneAssetsPipeline.uexp" 12
"../../../Engine/Plugins/Interchange/Runtime/Content/Pipelines/DefaultMaterialXPipeline.uasset" 13
"../../../Engine/Plugins/Interchange/Runtime/Content/Pipelines/DefaultMaterialXPipeline.uexp" 14
"../../../Engine/Plugins/Interchange/Runtime/Content/Pipelines/DefaultMaterialPipeline.uasset" 15
"../../../Engine/Plugins/Interchange/Runtime/Content/Pipelines/DefaultMaterialPipeline.uexp" 16
"../../../Engine/Plugins/Interchange/Runtime/Content/Pipelines/DefaultGLTFSceneAssetsPipeline.uasset" 17
"../../../Engine/Plugins/Interchange/Runtime/Content/Pipelines/DefaultGLTFSceneAssetsPipeline.uexp" 18
"../../../Engine/Plugins/Interchange/Runtime/Content/Pipelines/DefaultGLTFPipeline.uasset" 19
"../../../Engine/Plugins/Interchange/Runtime/Content/Pipelines/DefaultGLTFPipeline.uexp" 20
"../../../Engine/Plugins/Interchange/Runtime/Content/Pipelines/DefaultGLTFAssetsPipeline.uasset" 21
"../../../Engine/Plugins/Interchange/Runtime/Content/Pipelines/DefaultGLTFAssetsPipeline.uexp" 22
"../../../Engine/Plugins/Interchange/Runtime/Content/Pipelines/DefaultAssetsPipeline.uasset" 23
"../../../Engine/Plugins/Interchange/Runtime/Content/Pipelines/DefaultAssetsPipeline.uexp" 24
"../../../Engine/Plugins/Animation/ControlRig/Content/Controls/DefaultGizmoLibraryNormalized.uasset" 25
"../../../Engine/Plugins/Animation/ControlRig/Content/Controls/DefaultGizmoLibraryNormalized.uexp" 26
"../../../Engine/Content/EngineSounds/Master.uasset" 27
"../../../Engine/Content/EngineSounds/Master.uexp" 28
"../../../Engine/Content/EngineMaterials/DefaultPhysicalMaterial.uasset" 29
"../../../Engine/Content/EngineMaterials/DefaultPhysicalMaterial.uexp" 30
"../../../Engine/Content/EngineMaterials/DefaultDestructiblePhysicalMaterial.uasset" 31
"../../../Engine/Content/EngineMaterials/DefaultDestructiblePhysicalMaterial.uexp" 32
"../../../Engine/Content/EngineFonts/Faces/DroidSansFallback.uexp" 33
"../../../Engine/Content/EngineFonts/Faces/DroidSansFallback.uasset" 34
"../../../Engine/Content/EngineFonts/Faces/DroidSansFallback.ufont" 35
"../../../Engine/Content/EngineFonts/Faces/RobotoBold.uexp" 36
"../../../Engine/Content/EngineFonts/Faces/RobotoBold.uasset" 37
"../../../Engine/Content/EngineFonts/Faces/RobotoBold.ufont" 38
"../../../Engine/Content/EngineFonts/Faces/RobotoBoldItalic.uexp" 39
"../../../Engine/Content/EngineFonts/Faces/RobotoBoldItalic.uasset" 40
"../../../Engine/Content/EngineFonts/Faces/RobotoBoldItalic.ufont" 41
"../../../Engine/Content/EngineFonts/Faces/RobotoItalic.uexp" 42
"../../../Engine/Content/EngineFonts/Faces/RobotoItalic.uasset" 43
"../../../Engine/Content/EngineFonts/Faces/RobotoItalic.ufont" 44
"../../../Engine/Content/EngineFonts/Faces/RobotoLight.uexp" 45
"../../../Engine/Content/EngineFonts/Faces/RobotoLight.uasset" 46
"../../../Engine/Content/EngineFonts/Faces/RobotoLight.ufont" 47
"../../../Engine/Content/EngineFonts/Faces/RobotoRegular.uexp" 48
"../../../Engine/Content/EngineFonts/Faces/RobotoRegular.uasset" 49
"../../../Engine/Content/EngineFonts/Faces/RobotoRegular.ufont" 50
"../../../Engine/Content/EngineFonts/Roboto.uasset" 51
"../../../Engine/Content/EngineFonts/Roboto.uexp" 52
"../../../Engine/Content/EngineFonts/Faces/DroidSansMono.uexp" 53
"../../../Engine/Content/EngineFonts/Faces/DroidSansMono.uasset" 54
"../../../Engine/Content/EngineFonts/Faces/DroidSansMono.ufont" 55
"../../../Engine/Content/EngineFonts/DroidSansMono.uasset" 56
"../../../Engine/Content/EngineFonts/DroidSansMono.uexp" 57
"../../../Engine/Content/Animation/DefaultRecorderBoneCompression.uasset" 58
"../../../Engine/Content/Animation/DefaultRecorderBoneCompression.uexp" 59
"../../../Engine/Content/MobileResources/HUD/VirtualJoystick_Thumb.uasset" 60
"../../../Engine/Content/MobileResources/HUD/VirtualJoystick_Thumb.uexp" 61
"../../../Engine/Content/MobileResources/HUD/VirtualJoystick_Background.uasset" 62
"../../../Engine/Content/MobileResources/HUD/VirtualJoystick_Background.uexp" 63
"../../../Engine/Content/MobileResources/HUD/DefaultVirtualJoysticks.uasset" 64
"../../../Engine/Content/MobileResources/HUD/DefaultVirtualJoysticks.uexp" 65
"../../../Engine/Content/EngineResources/GradientTexture0.uasset" 66
"../../../Engine/Content/EngineResources/GradientTexture0.uexp" 67
"../../../Engine/Content/EngineResources/Black.uasset" 68
"../../../Engine/Content/EngineResources/Black.uexp" 69
"../../../Engine/Content/EditorResources/S_Actor.ubulk" 70
"../../../Engine/Content/EditorResources/S_Actor.uasset" 71
"../../../Engine/Content/EditorResources/S_Actor.uexp" 72
"../../../Engine/Plugins/NNE/NNEDenoiser/Content/NNEDTOM_Output_Default.uasset" 73
"../../../Engine/Plugins/NNE/NNEDenoiser/Content/NNEDTOM_Output_Default.uexp" 74
"../../../Engine/Plugins/NNE/NNEDenoiser/Content/NNEDTOM_Output_Alpha.uasset" 75
"../../../Engine/Plugins/NNE/NNEDenoiser/Content/NNEDTOM_Output_Alpha.uexp" 76
"../../../Engine/Plugins/NNE/NNEDenoiser/Content/NNEDTIM_ColorAlbedoNormal_Default.uasset" 77
"../../../Engine/Plugins/NNE/NNEDenoiser/Content/NNEDTIM_ColorAlbedoNormal_Default.uexp" 78
"../../../Engine/Plugins/NNE/NNEDenoiser/Content/NNEDTIM_ColorAlbedoNormal_Alpha.uasset" 79
"../../../Engine/Plugins/NNE/NNEDenoiser/Content/NNEDTIM_ColorAlbedoNormal_Alpha.uexp" 80
"../../../Engine/Plugins/NNE/NNEDenoiser/Content/NNEDOM_Output_Default.uasset" 81
"../../../Engine/Plugins/NNE/NNEDenoiser/Content/NNEDOM_Output_Default.uexp" 82
"../../../Engine/Plugins/NNE/NNEDenoiser/Content/NNEDOM_Output_Alpha.uasset" 83
"../../../Engine/Plugins/NNE/NNEDenoiser/Content/NNEDOM_Output_Alpha.uexp" 84
"../../../Engine/Plugins/NNE/NNEDenoiser/Content/NNEDIM_HighQuality_Default.uasset" 85
"../../../Engine/Plugins/NNE/NNEDenoiser/Content/NNEDIM_HighQuality_Default.uexp" 86
"../../../Engine/Plugins/NNE/NNEDenoiser/Content/NNEDIM_HighQuality_Alpha.uasset" 87
"../../../Engine/Plugins/NNE/NNEDenoiser/Content/NNEDIM_HighQuality_Alpha.uexp" 88
"../../../Engine/Plugins/NNE/NNEDenoiser/Content/NNEDIM_ColorAlbedoNormal_Default.uasset" 89
"../../../Engine/Plugins/NNE/NNEDenoiser/Content/NNEDIM_ColorAlbedoNormal_Default.uexp" 90
"../../../Engine/Plugins/NNE/NNEDenoiser/Content/NNEDIM_ColorAlbedoNormal_Alpha.uasset" 91
"../../../Engine/Plugins/NNE/NNEDenoiser/Content/NNEDIM_ColorAlbedoNormal_Alpha.uexp" 92
"C:/280 unreal/SuperHot/Content/Blueprints/BP_PlayerControler.uasset" 93
"C:/280 unreal/SuperHot/Content/Blueprints/BP_PlayerControler.uexp" 94
"../../../Engine/Content/EngineMaterials/T_Default_Material_Grid_M.ubulk" 95
"../../../Engine/Content/EngineMaterials/T_Default_Material_Grid_M.uasset" 96
"../../../Engine/Content/EngineMaterials/T_Default_Material_Grid_M.uexp" 97
"../../../Engine/Content/Functions/Engine_MaterialFunctions01/Opacity/CameraDepthFade.uasset" 98
"../../../Engine/Content/Functions/Engine_MaterialFunctions01/Opacity/CameraDepthFade.uexp" 99
"../../../Engine/Content/EngineMaterials/T_Default_Material_Grid_N.ubulk" 100
"../../../Engine/Content/EngineMaterials/T_Default_Material_Grid_N.uasset" 101
"../../../Engine/Content/EngineMaterials/T_Default_Material_Grid_N.uexp" 102
"../../../Engine/Content/EngineMaterials/WorldGridMaterial.uasset" 103
"../../../Engine/Content/EngineMaterials/WorldGridMaterial.uexp" 104
"../../../Engine/Content/BasicShapes/Cube.ubulk" 105
"../../../Engine/Content/BasicShapes/Cube.uasset" 106
"../../../Engine/Content/BasicShapes/Cube.uexp" 107
"../../../Engine/Content/EngineMaterials/DefaultMaterial.uasset" 108
"../../../Engine/Content/EngineMaterials/DefaultMaterial.uexp" 109
"../../../Engine/Content/BasicShapes/Sphere.ubulk" 110
"../../../Engine/Content/BasicShapes/Sphere.uasset" 111
"../../../Engine/Content/BasicShapes/Sphere.uexp" 112
"../../../Engine/Content/BasicShapes/Cylinder.ubulk" 113
"../../../Engine/Content/BasicShapes/Cylinder.uasset" 114
"../../../Engine/Content/BasicShapes/Cylinder.uexp" 115
"C:/280 unreal/SuperHot/Content/Materials/Black.uasset" 116
"C:/280 unreal/SuperHot/Content/Materials/Black.uexp" 117
"C:/280 unreal/SuperHot/Content/Inputs/IA_Move.uasset" 118
"C:/280 unreal/SuperHot/Content/Inputs/IA_Move.uexp" 119
"C:/280 unreal/SuperHot/Content/Inputs/IA_Look.uasset" 120
"C:/280 unreal/SuperHot/Content/Inputs/IA_Look.uexp" 121
"C:/280 unreal/SuperHot/Content/Inputs/IA_Shoot.uasset" 122
"C:/280 unreal/SuperHot/Content/Inputs/IA_Shoot.uexp" 123
"C:/280 unreal/SuperHot/Content/Inputs/IMC_PlayerControler.uasset" 124
"C:/280 unreal/SuperHot/Content/Inputs/IMC_PlayerControler.uexp" 125
"../../../Engine/Plugins/FX/Niagara/Content/DefaultAssets/DefaultRIbbonMaterial.uasset" 126
"../../../Engine/Plugins/FX/Niagara/Content/DefaultAssets/DefaultRIbbonMaterial.uexp" 127
"C:/280 unreal/SuperHot/Content/Materials/Trail.uasset" 128
"C:/280 unreal/SuperHot/Content/Materials/Trail.uexp" 129
"../../../Engine/Plugins/FX/Niagara/Content/DefaultAssets/DefaultSpriteMaterial.uasset" 130
"../../../Engine/Plugins/FX/Niagara/Content/DefaultAssets/DefaultSpriteMaterial.uexp" 131
"C:/280 unreal/SuperHot/Content/Materials/Death.uasset" 132
"C:/280 unreal/SuperHot/Content/Materials/Death.uexp" 133
"C:/280 unreal/SuperHot/Content/Materials/Enemy.uasset" 134
"C:/280 unreal/SuperHot/Content/Materials/Enemy.uexp" 135
"C:/280 unreal/SuperHot/Content/AnimStarterPack/UE4_Mannequin/Mesh/UE4_Mannequin_Skeleton.uasset" 136
"C:/280 unreal/SuperHot/Content/AnimStarterPack/UE4_Mannequin/Mesh/UE4_Mannequin_Skeleton.uexp" 137
"../../../Engine/Plugins/Animation/ACLPlugin/Content/ACLAnimCurveCompressionSettings.uasset" 138
"../../../Engine/Plugins/Animation/ACLPlugin/Content/ACLAnimCurveCompressionSettings.uexp" 139
"../../../Engine/Plugins/Animation/ACLPlugin/Content/ACLAnimBoneCompressionSettings.uasset" 140
"../../../Engine/Plugins/Animation/ACLPlugin/Content/ACLAnimBoneCompressionSettings.uexp" 141
"../../../Engine/Content/Animation/DefaultVariableFrameStrippingSettings.uasset" 142
"../../../Engine/Content/Animation/DefaultVariableFrameStrippingSettings.uexp" 143
"C:/280 unreal/SuperHot/Content/AnimStarterPack/Jump_From_Stand.uasset" 144
"C:/280 unreal/SuperHot/Content/AnimStarterPack/Jump_From_Stand.uexp" 145
"C:/280 unreal/SuperHot/Content/AnimStarterPack/Jump_From_Jog.uasset" 146
"C:/280 unreal/SuperHot/Content/AnimStarterPack/Jump_From_Jog.uexp" 147
"C:/280 unreal/SuperHot/Content/AnimStarterPack/Idle_Rifle_Hip.uasset" 148
"C:/280 unreal/SuperHot/Content/AnimStarterPack/Idle_Rifle_Hip.uexp" 149
"C:/280 unreal/SuperHot/Content/AnimStarterPack/Crouch_Idle_Rifle_Hip.uasset" 150
"C:/280 unreal/SuperHot/Content/AnimStarterPack/Crouch_Idle_Rifle_Hip.uexp" 151
"C:/280 unreal/SuperHot/Content/AnimStarterPack/Jog_Rt_Rifle.uasset" 152
"C:/280 unreal/SuperHot/Content/AnimStarterPack/Jog_Rt_Rifle.uexp" 153
"C:/280 unreal/SuperHot/Content/AnimStarterPack/Jog_Lt_Rifle.uasset" 154
"C:/280 unreal/SuperHot/Content/AnimStarterPack/Jog_Lt_Rifle.uexp" 155
"C:/280 unreal/SuperHot/Content/AnimStarterPack/Jog_Fwd_Rifle.uasset" 156
"C:/280 unreal/SuperHot/Content/AnimStarterPack/Jog_Fwd_Rifle.uexp" 157
"C:/280 unreal/SuperHot/Content/AnimStarterPack/Jog_Bwd_Rifle.uasset" 158
"C:/280 unreal/SuperHot/Content/AnimStarterPack/Jog_Bwd_Rifle.uexp" 159
"C:/280 unreal/SuperHot/Content/AnimStarterPack/BS_Jog.uasset" 160
"C:/280 unreal/SuperHot/Content/AnimStarterPack/BS_Jog.uexp" 161
"C:/280 unreal/SuperHot/Content/AnimStarterPack/Crouch_Walk_Rt_Rifle_Hip.uasset" 162
"C:/280 unreal/SuperHot/Content/AnimStarterPack/Crouch_Walk_Rt_Rifle_Hip.uexp" 163
"C:/280 unreal/SuperHot/Content/AnimStarterPack/Crouch_Walk_Lt_Rifle_Hip.uasset" 164
"C:/280 unreal/SuperHot/Content/AnimStarterPack/Crouch_Walk_Lt_Rifle_Hip.uexp" 165
"C:/280 unreal/SuperHot/Content/AnimStarterPack/Crouch_Walk_Fwd_Rifle_Hip.uasset" 166
"C:/280 unreal/SuperHot/Content/AnimStarterPack/Crouch_Walk_Fwd_Rifle_Hip.uexp" 167
"C:/280 unreal/SuperHot/Content/AnimStarterPack/Crouch_Walk_Bwd_Rifle_Hip.uasset" 168
"C:/280 unreal/SuperHot/Content/AnimStarterPack/Crouch_Walk_Bwd_Rifle_Hip.uexp" 169
"C:/280 unreal/SuperHot/Content/AnimStarterPack/BS_CrouchWalk.uasset" 170
"C:/280 unreal/SuperHot/Content/AnimStarterPack/BS_CrouchWalk.uexp" 171
"C:/280 unreal/SuperHot/Content/AnimStarterPack/UE4ASP_HeroTPP_AnimBlueprint.uasset" 172
"C:/280 unreal/SuperHot/Content/AnimStarterPack/UE4ASP_HeroTPP_AnimBlueprint.uexp" 173
"../../../Engine/Content/Functions/Engine_MaterialFunctions02/Utility/BlendAngleCorrectedNormals.uasset" 174
"../../../Engine/Content/Functions/Engine_MaterialFunctions02/Utility/BlendAngleCorrectedNormals.uexp" 175
"../../../Engine/Content/Functions/MaterialLayerFunctions/MatLayerBlend_Simple.uasset" 176
"../../../Engine/Content/Functions/MaterialLayerFunctions/MatLayerBlend_Simple.uexp" 177
"../../../Engine/Content/Functions/MaterialLayerFunctions/MatLayerBlend_NormalBlend.uasset" 178
"../../../Engine/Content/Functions/MaterialLayerFunctions/MatLayerBlend_NormalBlend.uexp" 179
"../../../Engine/Content/Functions/MaterialLayerFunctions/MatLayerBlend_AO.uasset" 180
"../../../Engine/Content/Functions/MaterialLayerFunctions/MatLayerBlend_AO.uexp" 181
"C:/280 unreal/SuperHot/Content/AnimStarterPack/UE4_Mannequin/Materials/MaterialLayers/T_ML_Aluminum01.ubulk" 182
"C:/280 unreal/SuperHot/Content/AnimStarterPack/UE4_Mannequin/Materials/MaterialLayers/T_ML_Aluminum01.uasset" 183
"C:/280 unreal/SuperHot/Content/AnimStarterPack/UE4_Mannequin/Materials/MaterialLayers/T_ML_Aluminum01.uexp" 184
"C:/280 unreal/SuperHot/Content/AnimStarterPack/UE4_Mannequin/Materials/MaterialLayers/T_ML_Rubber_Blue_01_D.ubulk" 185
"C:/280 unreal/SuperHot/Content/AnimStarterPack/UE4_Mannequin/Materials/MaterialLayers/T_ML_Rubber_Blue_01_D.uasset" 186
"C:/280 unreal/SuperHot/Content/AnimStarterPack/UE4_Mannequin/Materials/MaterialLayers/T_ML_Rubber_Blue_01_D.uexp" 187
"C:/280 unreal/SuperHot/Content/AnimStarterPack/UE4_Mannequin/Textures/UE4_Mannequin__normals.ubulk" 188
"C:/280 unreal/SuperHot/Content/AnimStarterPack/UE4_Mannequin/Textures/UE4_Mannequin__normals.uasset" 189
"C:/280 unreal/SuperHot/Content/AnimStarterPack/UE4_Mannequin/Textures/UE4_Mannequin__normals.uexp" 190
"C:/280 unreal/SuperHot/Content/AnimStarterPack/UE4_Mannequin/Textures/UE4_Mannequin_MAT_MASKA.ubulk" 191
"C:/280 unreal/SuperHot/Content/AnimStarterPack/UE4_Mannequin/Textures/UE4_Mannequin_MAT_MASKA.uasset" 192
"C:/280 unreal/SuperHot/Content/AnimStarterPack/UE4_Mannequin/Textures/UE4_Mannequin_MAT_MASKA.uexp" 193
"C:/280 unreal/SuperHot/Content/AnimStarterPack/UE4_Mannequin/Textures/UE4_Mannequin_occlusion_Mobile.ubulk" 194
"C:/280 unreal/SuperHot/Content/AnimStarterPack/UE4_Mannequin/Textures/UE4_Mannequin_occlusion_Mobile.uasset" 195
"C:/280 unreal/SuperHot/Content/AnimStarterPack/UE4_Mannequin/Textures/UE4_Mannequin_occlusion_Mobile.uexp" 196
"C:/280 unreal/SuperHot/Content/AnimStarterPack/UE4_Mannequin/Materials/MaterialLayers/T_ML_Rubber_Blue_01_N.ubulk" 197
"C:/280 unreal/SuperHot/Content/AnimStarterPack/UE4_Mannequin/Materials/MaterialLayers/T_ML_Rubber_Blue_01_N.uasset" 198
"C:/280 unreal/SuperHot/Content/AnimStarterPack/UE4_Mannequin/Materials/MaterialLayers/T_ML_Rubber_Blue_01_N.uexp" 199
"C:/280 unreal/SuperHot/Content/AnimStarterPack/UE4_Mannequin/Materials/MaterialLayers/ML_GlossyBlack_Latex_UE4.uasset" 200
"C:/280 unreal/SuperHot/Content/AnimStarterPack/UE4_Mannequin/Materials/MaterialLayers/ML_GlossyBlack_Latex_UE4.uexp" 201
"C:/280 unreal/SuperHot/Content/AnimStarterPack/UE4_Mannequin/Materials/MaterialLayers/ML_Plastic_Shiny_Beige.uasset" 202
"C:/280 unreal/SuperHot/Content/AnimStarterPack/UE4_Mannequin/Materials/MaterialLayers/ML_Plastic_Shiny_Beige.uexp" 203
"C:/280 unreal/SuperHot/Content/AnimStarterPack/UE4_Mannequin/Textures/UE4_LOGO_CARD.ubulk" 204
"C:/280 unreal/SuperHot/Content/AnimStarterPack/UE4_Mannequin/Textures/UE4_LOGO_CARD.uasset" 205
"C:/280 unreal/SuperHot/Content/AnimStarterPack/UE4_Mannequin/Textures/UE4_LOGO_CARD.uexp" 206
"C:/280 unreal/SuperHot/Content/AnimStarterPack/UE4_Mannequin/Materials/MaterialLayers/ML_Plastic_Shiny_Beige_LOGO.uasset" 207
"C:/280 unreal/SuperHot/Content/AnimStarterPack/UE4_Mannequin/Materials/MaterialLayers/ML_Plastic_Shiny_Beige_LOGO.uexp" 208
"C:/280 unreal/SuperHot/Content/AnimStarterPack/UE4_Mannequin/Materials/MaterialLayers/T_ML_Aluminum01_N.ubulk" 209
"C:/280 unreal/SuperHot/Content/AnimStarterPack/UE4_Mannequin/Materials/MaterialLayers/T_ML_Aluminum01_N.uasset" 210
"C:/280 unreal/SuperHot/Content/AnimStarterPack/UE4_Mannequin/Materials/MaterialLayers/T_ML_Aluminum01_N.uexp" 211
"C:/280 unreal/SuperHot/Content/AnimStarterPack/UE4_Mannequin/Materials/MaterialLayers/ML_SoftMetal_UE4.uasset" 212
"C:/280 unreal/SuperHot/Content/AnimStarterPack/UE4_Mannequin/Materials/MaterialLayers/ML_SoftMetal_UE4.uexp" 213
"C:/280 unreal/SuperHot/Content/AnimStarterPack/UE4_Mannequin/Materials/M_UE4Man_Body.uasset" 214
"C:/280 unreal/SuperHot/Content/AnimStarterPack/UE4_Mannequin/Materials/M_UE4Man_Body.uexp" 215
"C:/280 unreal/SuperHot/Content/AnimStarterPack/UE4_Mannequin/Textures/UE4Man_Logo_N.ubulk" 216
"C:/280 unreal/SuperHot/Content/AnimStarterPack/UE4_Mannequin/Textures/UE4Man_Logo_N.uasset" 217
"C:/280 unreal/SuperHot/Content/AnimStarterPack/UE4_Mannequin/Textures/UE4Man_Logo_N.uexp" 218
"C:/280 unreal/SuperHot/Content/AnimStarterPack/UE4_Mannequin/Materials/M_UE4Man_ChestLogo.uasset" 219
"C:/280 unreal/SuperHot/Content/AnimStarterPack/UE4_Mannequin/Materials/M_UE4Man_ChestLogo.uexp" 220
"C:/280 unreal/SuperHot/Content/AnimStarterPack/UE4_Mannequin/Mesh/SK_Mannequin_PhysicsAsset.uasset" 221
"C:/280 unreal/SuperHot/Content/AnimStarterPack/UE4_Mannequin/Mesh/SK_Mannequin_PhysicsAsset.uexp" 222
"C:/280 unreal/SuperHot/Content/AnimStarterPack/UE4_Mannequin/Mesh/SK_Mannequin.uasset" 223
"C:/280 unreal/SuperHot/Content/AnimStarterPack/UE4_Mannequin/Mesh/SK_Mannequin.uexp" 224
"C:/280 unreal/SuperHot/Content/Blueprints/BP_AI_Controller.uasset" 225
"C:/280 unreal/SuperHot/Content/Blueprints/BP_AI_Controller.uexp" 226
"C:/280 unreal/SuperHot/Content/Blueprints/BP_Enemy.uasset" 227
"C:/280 unreal/SuperHot/Content/Blueprints/BP_Enemy.uexp" 228
"C:/280 unreal/SuperHot/Content/Blueprints/BP_Bullet.uasset" 229
"C:/280 unreal/SuperHot/Content/Blueprints/BP_Bullet.uexp" 230
"C:/280 unreal/SuperHot/Content/Blueprints/BP_Player.uasset" 231
"C:/280 unreal/SuperHot/Content/Blueprints/BP_Player.uexp" 232
"C:/280 unreal/SuperHot/Content/Blueprints/BP_GameMode.uasset" 233
"C:/280 unreal/SuperHot/Content/Blueprints/BP_GameMode.uexp" 234
"../../../Engine/Plugins/Runtime/AudioWidgets/Content/Resources/ScrubHandleDown_Clamped.uasset" 235
"../../../Engine/Plugins/Runtime/AudioWidgets/Content/Resources/ScrubHandleDown_Clamped.uexp" 236
"../../../Engine/Content/EngineResources/DefaultTexture.ubulk" 237
"../../../Engine/Content/EngineResources/DefaultTexture.uasset" 238
"../../../Engine/Content/EngineResources/DefaultTexture.uexp" 239
"../../../Engine/Content/EngineMaterials/PreintegratedSkinBRDF.uasset" 240
"../../../Engine/Content/EngineMaterials/PreintegratedSkinBRDF.uexp" 241
"../../../Engine/Content/EngineMaterials/MiniFont.uasset" 242
"../../../Engine/Content/EngineMaterials/MiniFont.uexp" 243
"../../../Engine/Content/EngineMaterials/FastBlueNoise_vec2_128x128x64.uasset" 244
"../../../Engine/Content/EngineMaterials/FastBlueNoise_vec2_128x128x64.uexp" 245
"../../../Engine/Content/EngineMaterials/FastBlueNoise_scalar_128x128x8.uasset" 246
"../../../Engine/Content/EngineMaterials/FastBlueNoise_scalar_128x128x8.uexp" 247
"../../../Engine/Content/EngineMaterials/FastBlueNoise_scalar_128x128x64.uasset" 248
"../../../Engine/Content/EngineMaterials/FastBlueNoise_scalar_128x128x64.uexp" 249
"../../../Engine/Content/EngineMaterials/DefaultWhiteGrid.ubulk" 250
"../../../Engine/Content/EngineMaterials/DefaultWhiteGrid.uasset" 251
"../../../Engine/Content/EngineMaterials/DefaultWhiteGrid.uexp" 252
"../../../Engine/Content/EngineMaterials/DefaultBokeh.uasset" 253
"../../../Engine/Content/EngineMaterials/DefaultBokeh.uexp" 254
"../../../Engine/Content/EngineMaterials/DefaultBloomKernel.uasset" 255
"../../../Engine/Content/EngineMaterials/DefaultBloomKernel.uexp" 256
"../../../Engine/Content/EngineDamageTypes/DmgTypeBP_Environmental.uasset" 257
"../../../Engine/Content/EngineDamageTypes/DmgTypeBP_Environmental.uexp" 258
"../../../Engine/Content/EditorResources/S_TriggerSphere.uasset" 259
"../../../Engine/Content/EditorResources/S_TriggerSphere.uexp" 260
"../../../Engine/Content/EditorResources/S_TriggerCapsule.uasset" 261
"../../../Engine/Content/EditorResources/S_TriggerCapsule.uexp" 262
"../../../Engine/Content/EditorResources/S_TriggerBox.uasset" 263
"../../../Engine/Content/EditorResources/S_TriggerBox.uexp" 264
"../../../Engine/Content/EditorResources/S_Trigger.ubulk" 265
"../../../Engine/Content/EditorResources/S_Trigger.uasset" 266
"../../../Engine/Content/EditorResources/S_Trigger.uexp" 267
"../../../Engine/Content/EditorResources/S_Terrain.ubulk" 268
"../../../Engine/Content/EditorResources/S_Terrain.uasset" 269
"../../../Engine/Content/EditorResources/S_Terrain.uexp" 270
"../../../Engine/Content/EditorResources/S_Solver.ubulk" 271
"../../../Engine/Content/EditorResources/S_Solver.uasset" 272
"../../../Engine/Content/EditorResources/S_Solver.uexp" 273
"../../../Engine/Content/EditorResources/S_BoxReflectionCapture.uasset" 274
"../../../Engine/Content/EditorResources/S_BoxReflectionCapture.uexp" 275
"../../../Engine/Content/EditorResources/BSPVertex.uasset" 276
"../../../Engine/Content/EditorResources/BSPVertex.uexp" 277
"../../../Engine/Content/EditorMaterials/ParticleSystems/PSysThumbnail_OOD.ubulk" 278
"../../../Engine/Content/EditorMaterials/ParticleSystems/PSysThumbnail_OOD.uasset" 279
"../../../Engine/Content/EditorMaterials/ParticleSystems/PSysThumbnail_OOD.uexp" 280
"../../../Engine/Content/EditorMaterials/ParticleSystems/PSysThumbnail_NoImage.ubulk" 281
"../../../Engine/Content/EditorMaterials/ParticleSystems/PSysThumbnail_NoImage.uasset" 282
"../../../Engine/Content/EditorMaterials/ParticleSystems/PSysThumbnail_NoImage.uexp" 283
"../../../Engine/Content/EngineResources/FilmGrains/Marcie_Grain_v3_128_M2_000.uasset" 284
"../../../Engine/Content/EngineResources/FilmGrains/Marcie_Grain_v3_128_M2_000.uexp" 285
"../../../Engine/Content/EngineResources/Development/ZenLogo_64.uasset" 286
"../../../Engine/Content/EngineResources/Development/ZenLogo_64.uexp" 287
"../../../Engine/Content/EngineMaterials/LTC/Sheen_LTC.uasset" 288
"../../../Engine/Content/EngineMaterials/LTC/Sheen_LTC.uexp" 289
"../../../Engine/Content/EngineMaterials/LTC/GGX_LTCMat.uasset" 290
"../../../Engine/Content/EngineMaterials/LTC/GGX_LTCMat.uexp" 291
"../../../Engine/Content/EngineMaterials/LTC/GGX_LTCAmp.uasset" 292
"../../../Engine/Content/EngineMaterials/LTC/GGX_LTCAmp.uexp" 293
"../../../Engine/Content/EngineMaterials/EnergyConservation/Sheen_Energy.uasset" 294
"../../../Engine/Content/EngineMaterials/EnergyConservation/Sheen_Energy.uexp" 295
"../../../Engine/Content/EngineMaterials/EnergyConservation/SheenLegacy_Energy.uasset" 296
"../../../Engine/Content/EngineMaterials/EnergyConservation/SheenLegacy_Energy.uexp" 297
"../../../Engine/Content/EngineMaterials/EnergyConservation/GGX_TransmissionEnergyArray.uasset" 298
"../../../Engine/Content/EngineMaterials/EnergyConservation/GGX_TransmissionEnergyArray.uexp" 299
"../../../Engine/Content/EngineMaterials/EnergyConservation/GGX_ReflectionEnergy.uasset" 300
"../../../Engine/Content/EngineMaterials/EnergyConservation/GGX_ReflectionEnergy.uexp" 301
"../../../Engine/Content/EngineMaterials/EnergyConservation/Diffuse_Energy.uasset" 302
"../../../Engine/Content/EngineMaterials/EnergyConservation/Diffuse_Energy.uexp" 303
"../../../Engine/Content/EditorResources/SequenceRecorder/RecordingIndicator.uasset" 304
"../../../Engine/Content/EditorResources/SequenceRecorder/RecordingIndicator.uexp" 305
"../../../Engine/Content/EditorResources/SequenceRecorder/Countdown.uasset" 306
"../../../Engine/Content/EditorResources/SequenceRecorder/Countdown.uexp" 307
"../../../Engine/Content/Functions/Engine_MaterialFunctions01/Shading/ConvertFromDiffSpec.uasset" 308
"../../../Engine/Content/Functions/Engine_MaterialFunctions01/Shading/ConvertFromDiffSpec.uexp" 309
"../../../Engine/Content/Functions/Engine_MaterialFunctions01/Shading/PowerToRoughness.uasset" 310
"../../../Engine/Content/Functions/Engine_MaterialFunctions01/Shading/PowerToRoughness.uexp" 311
"../../../Engine/Content/EditorMaterials/Dataflow/DataflowTwoSidedVertexMaterial.uasset" 312
"../../../Engine/Content/EditorMaterials/Dataflow/DataflowTwoSidedVertexMaterial.uexp" 313
"../../../Engine/Content/EditorMaterials/Dataflow/DataflowVertexMaterial.uasset" 314
"../../../Engine/Content/EditorMaterials/Dataflow/DataflowVertexMaterial.uexp" 315
"../../../Engine/Content/BasicShapes/BasicShapeMaterial.uasset" 316
"../../../Engine/Content/BasicShapes/BasicShapeMaterial.uexp" 317
"../../../Engine/Content/EditorLandscapeResources/DefaultAlphaTexture.uasset" 318
"../../../Engine/Content/EditorLandscapeResources/DefaultAlphaTexture.uexp" 319
"../../../Engine/Content/EditorLandscapeResources/LandscapeDirtyMaterial.uasset" 320
"../../../Engine/Content/EditorLandscapeResources/LandscapeDirtyMaterial.uexp" 321
"../../../Engine/Content/Functions/Engine_MaterialFunctions02/Utility/BreakOutFloat2Components.uasset" 322
"../../../Engine/Content/Functions/Engine_MaterialFunctions02/Utility/BreakOutFloat2Components.uexp" 323
"../../../Engine/Content/Functions/Engine_MaterialFunctions01/Texturing/ScaleUVsByCenter.uasset" 324
"../../../Engine/Content/Functions/Engine_MaterialFunctions01/Texturing/ScaleUVsByCenter.uexp" 325
"../../../Engine/Content/Functions/Engine_MaterialFunctions02/WorldPositionOffset/LocalPosition.uasset" 326
"../../../Engine/Content/Functions/Engine_MaterialFunctions02/WorldPositionOffset/LocalPosition.uexp" 327
"../../../Engine/Content/EngineMaterials/DefaultDiffuse.ubulk" 328
"../../../Engine/Content/EngineMaterials/DefaultDiffuse.uasset" 329
"../../../Engine/Content/EngineMaterials/DefaultDiffuse.uexp" 330
"../../../Engine/Content/Functions/Engine_MaterialFunctions01/Texturing/TextureCropping.uasset" 331
"../../../Engine/Content/Functions/Engine_MaterialFunctions01/Texturing/TextureCropping.uexp" 332
"../../../Engine/Content/Functions/Engine_MaterialFunctions02/ExampleContent/DebugNumberStrip.uasset" 333
"../../../Engine/Content/Functions/Engine_MaterialFunctions02/ExampleContent/DebugNumberStrip.uexp" 334
"../../../Engine/Content/Functions/Engine_MaterialFunctions01/Debug/DebugIntValues.uasset" 335
"../../../Engine/Content/Functions/Engine_MaterialFunctions01/Debug/DebugIntValues.uexp" 336
"../../../Engine/Content/EditorLandscapeResources/LandscapeLayerUsageMaterial.uasset" 337
"../../../Engine/Content/EditorLandscapeResources/LandscapeLayerUsageMaterial.uexp" 338
"../../../Engine/Content/EditorLandscapeResources/WhiteSquareTexture.uasset" 339
"../../../Engine/Content/EditorLandscapeResources/WhiteSquareTexture.uexp" 340
"../../../Engine/Content/EditorLandscapeResources/LayerVisMaterial.uasset" 341
"../../../Engine/Content/EditorLandscapeResources/LayerVisMaterial.uexp" 342
"../../../Engine/Content/EditorMaterials/PhAT_NoCollisionMaterial.uasset" 343
"../../../Engine/Content/EditorMaterials/PhAT_NoCollisionMaterial.uexp" 344
"../../../Engine/Content/EditorMaterials/PhAT_UnselectedMaterial.uasset" 345
"../../../Engine/Content/EditorMaterials/PhAT_UnselectedMaterial.uexp" 346
"../../../Engine/Content/EditorMaterials/PreviewShadowIndicator.ubulk" 347
"../../../Engine/Content/EditorMaterials/PreviewShadowIndicator.uasset" 348
"../../../Engine/Content/EditorMaterials/PreviewShadowIndicator.uexp" 349
"../../../Engine/Content/EditorMaterials/PreviewShadowIndicatorMaterial.uasset" 350
"../../../Engine/Content/EditorMaterials/PreviewShadowIndicatorMaterial.uexp" 351
"../../../Engine/Content/EngineDebugMaterials/DebugEditorMaterial.uasset" 352
"../../../Engine/Content/EngineDebugMaterials/DebugEditorMaterial.uexp" 353
"../../../Engine/Content/EngineDebugMaterials/DebugMeshMaterial.uasset" 354
"../../../Engine/Content/EngineDebugMaterials/DebugMeshMaterial.uexp" 355
"../../../Engine/Content/EngineDebugMaterials/M_SimpleUnlitTranslucent.uasset" 356
"../../../Engine/Content/EngineDebugMaterials/M_SimpleUnlitTranslucent.uexp" 357
"../../../Engine/Content/Functions/Engine_MaterialFunctions02/Utility/CameraDirectionVector.uasset" 358
"../../../Engine/Content/Functions/Engine_MaterialFunctions02/Utility/CameraDirectionVector.uexp" 359
"../../../Engine/Content/EngineDebugMaterials/VolumeToRender.uasset" 360
"../../../Engine/Content/EngineDebugMaterials/VolumeToRender.uexp" 361
"../../../Engine/Content/EngineDebugMaterials/M_VolumeRenderSphereTracePP.uasset" 362
"../../../Engine/Content/EngineDebugMaterials/M_VolumeRenderSphereTracePP.uexp" 363
"../../../Engine/Content/EngineMaterials/DefaultDeferredDecalMaterial.uasset" 364
"../../../Engine/Content/EngineMaterials/DefaultDeferredDecalMaterial.uexp" 365
"../../../Engine/Content/EngineMaterials/DefaultLightFunctionMaterial.uasset" 366
"../../../Engine/Content/EngineMaterials/DefaultLightFunctionMaterial.uexp" 367
"../../../Engine/Content/EngineMaterials/DefaultPostProcessMaterial.uasset" 368
"../../../Engine/Content/EngineMaterials/DefaultPostProcessMaterial.uexp" 369
"../../../Engine/Content/EngineFonts/RobotoDistanceField.uasset" 370
"../../../Engine/Content/EngineFonts/RobotoDistanceField.uexp" 371
"../../../Engine/Content/EngineMaterials/DefaultTextMaterialOpaque.uasset" 372
"../../../Engine/Content/EngineMaterials/DefaultTextMaterialOpaque.uexp" 373
"../../../Engine/Content/EngineMaterials/DefaultWhiteGrid_Low.uasset" 374
"../../../Engine/Content/EngineMaterials/DefaultWhiteGrid_Low.uexp" 375
"../../../Engine/Content/EngineMaterials/EmissiveMeshMaterial.uasset" 376
"../../../Engine/Content/EngineMaterials/EmissiveMeshMaterial.uexp" 377
"../../../Engine/Content/EngineMaterials/BaseFlattenLinearColor.uasset" 378
"../../../Engine/Content/EngineMaterials/BaseFlattenLinearColor.uexp" 379
"../../../Engine/Content/EngineMaterials/BaseFlattenNormalMap.uasset" 380
"../../../Engine/Content/EngineMaterials/BaseFlattenNormalMap.uexp" 381
"../../../Engine/Content/EngineMaterials/BaseFlattenDiffuseMap.uasset" 382
"../../../Engine/Content/EngineMaterials/BaseFlattenDiffuseMap.uexp" 383
"../../../Engine/Content/EngineMaterials/BaseFlattenEmissiveMap.uasset" 384
"../../../Engine/Content/EngineMaterials/BaseFlattenEmissiveMap.uexp" 385
"../../../Engine/Content/EngineMaterials/BaseFlattenGrayscaleMap.uasset" 386
"../../../Engine/Content/EngineMaterials/BaseFlattenGrayscaleMap.uexp" 387
"../../../Engine/Content/Functions/Engine_MaterialFunctions02/PivotPainter2/Black_1x1_EXR_Texture.uasset" 388
"../../../Engine/Content/Functions/Engine_MaterialFunctions02/PivotPainter2/Black_1x1_EXR_Texture.uexp" 389
"../../../Engine/Content/EngineMaterials/FlattenMaterial.uasset" 390
"../../../Engine/Content/EngineMaterials/FlattenMaterial.uexp" 391
"../../../Engine/Content/EngineMaterials/BaseFlattenDiffuseMap_VT.ubulk" 392
"../../../Engine/Content/EngineMaterials/BaseFlattenDiffuseMap_VT.uasset" 393
"../../../Engine/Content/EngineMaterials/BaseFlattenDiffuseMap_VT.uexp" 394
"../../../Engine/Content/EngineMaterials/BaseFlattenEmissiveMap_VT.ubulk" 395
"../../../Engine/Content/EngineMaterials/BaseFlattenEmissiveMap_VT.uasset" 396
"../../../Engine/Content/EngineMaterials/BaseFlattenEmissiveMap_VT.uexp" 397
"../../../Engine/Content/EngineMaterials/BaseFlattenGrayscaleMap_VT.ubulk" 398
"../../../Engine/Content/EngineMaterials/BaseFlattenGrayscaleMap_VT.uasset" 399
"../../../Engine/Content/EngineMaterials/BaseFlattenGrayscaleMap_VT.uexp" 400
"../../../Engine/Content/EngineMaterials/BaseFlattenLinearColor_VT.ubulk" 401
"../../../Engine/Content/EngineMaterials/BaseFlattenLinearColor_VT.uasset" 402
"../../../Engine/Content/EngineMaterials/BaseFlattenLinearColor_VT.uexp" 403
"../../../Engine/Content/EngineMaterials/BaseFlattenNormalMap_VT.ubulk" 404
"../../../Engine/Content/EngineMaterials/BaseFlattenNormalMap_VT.uasset" 405
"../../../Engine/Content/EngineMaterials/BaseFlattenNormalMap_VT.uexp" 406
"../../../Engine/Content/EngineMaterials/Black_1x1_EXR_Texture_VT.ubulk" 407
"../../../Engine/Content/EngineMaterials/Black_1x1_EXR_Texture_VT.uasset" 408
"../../../Engine/Content/EngineMaterials/Black_1x1_EXR_Texture_VT.uexp" 409
"../../../Engine/Content/EngineMaterials/FlattenMaterial_VT.uasset" 410
"../../../Engine/Content/EngineMaterials/FlattenMaterial_VT.uexp" 411
"../../../Engine/Content/EngineMaterials/FlattenMaterial_WS_Normal_VT.uasset" 412
"../../../Engine/Content/EngineMaterials/FlattenMaterial_WS_Normal_VT.uexp" 413
"../../../Engine/Content/EngineMaterials/GizmoMaterial.uasset" 414
"../../../Engine/Content/EngineMaterials/GizmoMaterial.uexp" 415
"../../../Engine/Content/EngineMaterials/InvalidLightmapSettings.ubulk" 416
"../../../Engine/Content/EngineMaterials/InvalidLightmapSettings.uasset" 417
"../../../Engine/Content/EngineMaterials/InvalidLightmapSettings.uexp" 418
"../../../Engine/Content/EngineMaterials/M_InvalidLightmapSettings.uasset" 419
"../../../Engine/Content/EngineMaterials/M_InvalidLightmapSettings.uexp" 420
"../../../Engine/Content/EngineMaterials/NaniteHiddenSectionMaterial.uasset" 421
"../../../Engine/Content/EngineMaterials/NaniteHiddenSectionMaterial.uexp" 422
"../../../Engine/Content/Functions/Engine_MaterialFunctions02/WorldPositionOffset/CameraOffset.uasset" 423
"../../../Engine/Content/Functions/Engine_MaterialFunctions02/WorldPositionOffset/CameraOffset.uexp" 424
"../../../Engine/Content/EngineMaterials/PhAT_JointLimitMaterial.uasset" 425
"../../../Engine/Content/EngineMaterials/PhAT_JointLimitMaterial.uexp" 426
"../../../Engine/Content/EngineMaterials/DefaultCalibrationColor.uasset" 427
"../../../Engine/Content/EngineMaterials/DefaultCalibrationColor.uexp" 428
"../../../Engine/Content/EngineMaterials/PPM_DefaultCalibrationColor.uasset" 429
"../../../Engine/Content/EngineMaterials/PPM_DefaultCalibrationColor.uexp" 430
"../../../Engine/Content/EngineMaterials/DefaultCalibrationGrayscale.uasset" 431
"../../../Engine/Content/EngineMaterials/DefaultCalibrationGrayscale.uexp" 432
"../../../Engine/Content/EngineMaterials/PPM_DefaultCalibrationGrayscale.uasset" 433
"../../../Engine/Content/EngineMaterials/PPM_DefaultCalibrationGrayscale.uexp" 434
"../../../Engine/Content/EngineMaterials/RemoveSurfaceMaterial.uasset" 435
"../../../Engine/Content/EngineMaterials/RemoveSurfaceMaterial.uexp" 436
"../../../Engine/Plugins/Animation/ControlRig/Content/Controls/ControlRigGizmoMaterial.uasset" 437
"../../../Engine/Plugins/Animation/ControlRig/Content/Controls/ControlRigGizmoMaterial.uexp" 438
"../../../Engine/Plugins/Animation/ControlRig/Content/Controls/ControlRigXRayMaterial.uasset" 439
"../../../Engine/Plugins/Animation/ControlRig/Content/Controls/ControlRigXRayMaterial.uexp" 440
"../../../Engine/Content/Functions/Engine_MaterialFunctions02/Utility/VectorLength.uasset" 441
"../../../Engine/Content/Functions/Engine_MaterialFunctions02/Utility/VectorLength.uexp" 442
"../../../Engine/Content/Functions/Engine_MaterialFunctions02/Utility/BreakOutFloat3Components.uasset" 443
"../../../Engine/Content/Functions/Engine_MaterialFunctions02/Utility/BreakOutFloat3Components.uexp" 444
"../../../Engine/Content/Functions/Engine_MaterialFunctions02/SafeNormalize.uasset" 445
"../../../Engine/Content/Functions/Engine_MaterialFunctions02/SafeNormalize.uexp" 446
"../../../Engine/Plugins/Editor/SpeedTreeImporter/Content/SpeedTree9/UnpackInteger3.uasset" 447
"../../../Engine/Plugins/Editor/SpeedTreeImporter/Content/SpeedTree9/UnpackInteger3.uexp" 448
"../../../Engine/Plugins/Editor/SpeedTreeImporter/Content/SpeedTree9/UnpackDirection.uasset" 449
"../../../Engine/Plugins/Editor/SpeedTreeImporter/Content/SpeedTree9/UnpackDirection.uexp" 450
"../../../Engine/Plugins/Editor/SpeedTreeImporter/Content/SpeedTree9/game_wind_noise.ubulk" 451
"../../../Engine/Plugins/Editor/SpeedTreeImporter/Content/SpeedTree9/game_wind_noise.uasset" 452
"../../../Engine/Plugins/Editor/SpeedTreeImporter/Content/SpeedTree9/game_wind_noise.uexp" 453
"../../../Engine/Plugins/Editor/SpeedTreeImporter/Content/SpeedTree9/SpeedTreeWindMotion.uasset" 454
"../../../Engine/Plugins/Editor/SpeedTreeImporter/Content/SpeedTree9/SpeedTreeWindMotion.uexp" 455
"../../../Engine/Content/Functions/Engine_MaterialFunctions02/WorldPositionOffset/ObjectScale.uasset" 456
"../../../Engine/Content/Functions/Engine_MaterialFunctions02/WorldPositionOffset/ObjectScale.uexp" 457
"../../../Engine/Plugins/Editor/SpeedTreeImporter/Content/SpeedTree9/SpeedTreeBranchMotion.uasset" 458
"../../../Engine/Plugins/Editor/SpeedTreeImporter/Content/SpeedTree9/SpeedTreeBranchMotion.uexp" 459
"../../../Engine/Content/Functions/Engine_MaterialFunctions02/ObjectLocalBounds.uasset" 460
"../../../Engine/Content/Functions/Engine_MaterialFunctions02/ObjectLocalBounds.uexp" 461
"../../../Engine/Content/Functions/Engine_MaterialFunctions02/UVs/BoundingBoxBased_0-1_UVW.uasset" 462
"../../../Engine/Content/Functions/Engine_MaterialFunctions02/UVs/BoundingBoxBased_0-1_UVW.uexp" 463
"../../../Engine/Plugins/Editor/SpeedTreeImporter/Content/SpeedTree9/SpeedTreeWind.uasset" 464
"../../../Engine/Plugins/Editor/SpeedTreeImporter/Content/SpeedTree9/SpeedTreeWind.uexp" 465
"../../../Engine/Plugins/Editor/SpeedTreeImporter/Content/SpeedTree9/EmptyNormal.uasset" 466
"../../../Engine/Plugins/Editor/SpeedTreeImporter/Content/SpeedTree9/EmptyNormal.uexp" 467
"../../../Engine/Plugins/Editor/SpeedTreeImporter/Content/SpeedTree9/Empty.uasset" 468
"../../../Engine/Plugins/Editor/SpeedTreeImporter/Content/SpeedTree9/Empty.uexp" 469
"../../../Engine/Plugins/Editor/SpeedTreeImporter/Content/SpeedTree9/SpeedTreeBillboard.uasset" 470
"../../../Engine/Plugins/Editor/SpeedTreeImporter/Content/SpeedTree9/SpeedTreeBillboard.uexp" 471
"../../../Engine/Plugins/Editor/SpeedTreeImporter/Content/SpeedTree9/SpeedTreeBillboardMaster.uasset" 472
"../../../Engine/Plugins/Editor/SpeedTreeImporter/Content/SpeedTree9/SpeedTreeBillboardMaster.uexp" 473
"../../../Engine/Plugins/Editor/SpeedTreeImporter/Content/SpeedTree9/SpeedTreeCameraFacing.uasset" 474
"../../../Engine/Plugins/Editor/SpeedTreeImporter/Content/SpeedTree9/SpeedTreeCameraFacing.uexp" 475
"../../../Engine/Plugins/Editor/SpeedTreeImporter/Content/SpeedTree9/SpeedTreeMaster.uasset" 476
"../../../Engine/Plugins/Editor/SpeedTreeImporter/Content/SpeedTree9/SpeedTreeMaster.uexp" 477
"../../../Engine/Plugins/Interchange/Assets/Content/Functions/MX_AbsorptionVDF.uasset" 478
"../../../Engine/Plugins/Interchange/Assets/Content/Functions/MX_AbsorptionVDF.uexp" 479
"../../../Engine/Plugins/Interchange/Assets/Content/Functions/MX_AnisotropicVDF.uasset" 480
"../../../Engine/Plugins/Interchange/Assets/Content/Functions/MX_AnisotropicVDF.uexp" 481
"../../../Engine/Plugins/Interchange/Assets/Content/Functions/MX_BurleyDiffuseBSDF.uasset" 482
"../../../Engine/Plugins/Interchange/Assets/Content/Functions/MX_BurleyDiffuseBSDF.uexp" 483
"../../../Engine/Plugins/Interchange/Assets/Content/Functions/MX_ConductorBSDF.uasset" 484
"../../../Engine/Plugins/Interchange/Assets/Content/Functions/MX_ConductorBSDF.uexp" 485
"../../../Engine/Plugins/Interchange/Assets/Content/Functions/MX_ConicalEDF.uasset" 486
"../../../Engine/Plugins/Interchange/Assets/Content/Functions/MX_ConicalEDF.uexp" 487
"../../../Engine/Plugins/Interchange/Assets/Content/Functions/MX_DielectricBSDF.uasset" 488
"../../../Engine/Plugins/Interchange/Assets/Content/Functions/MX_DielectricBSDF.uexp" 489
"../../../Engine/Plugins/Interchange/Assets/Content/Functions/MX_Displacement.uasset" 490
"../../../Engine/Plugins/Interchange/Assets/Content/Functions/MX_Displacement.uexp" 491
"../../../Engine/Plugins/Interchange/Assets/Content/Functions/MX_GeneralizedSchlickBSDF.uasset" 492
"../../../Engine/Plugins/Interchange/Assets/Content/Functions/MX_GeneralizedSchlickBSDF.uexp" 493
"../../../Engine/Plugins/Interchange/Assets/Content/Functions/MX_MeasuredEDF.uasset" 494
"../../../Engine/Plugins/Interchange/Assets/Content/Functions/MX_MeasuredEDF.uexp" 495
"../../../Engine/Plugins/Interchange/Assets/Content/Functions/MF_IridescenceNoLUT.uasset" 496
"../../../Engine/Plugins/Interchange/Assets/Content/Functions/MF_IridescenceNoLUT.uexp" 497
"../../../Engine/Plugins/Interchange/Assets/Content/Functions/MX_StandardSurface.uasset" 498
"../../../Engine/Plugins/Interchange/Assets/Content/Functions/MX_StandardSurface.uexp" 499
"../../../Engine/Plugins/Interchange/Assets/Content/Functions/MX_OpenPBR_Opaque.uasset" 500
"../../../Engine/Plugins/Interchange/Assets/Content/Functions/MX_OpenPBR_Opaque.uexp" 501
"../../../Engine/Plugins/Interchange/Assets/Content/Functions/MX_TransmissionSurface.uasset" 502
"../../../Engine/Plugins/Interchange/Assets/Content/Functions/MX_TransmissionSurface.uexp" 503
"../../../Engine/Plugins/Interchange/Assets/Content/Functions/MX_OpenPBR_Translucent.uasset" 504
"../../../Engine/Plugins/Interchange/Assets/Content/Functions/MX_OpenPBR_Translucent.uexp" 505
"../../../Engine/Plugins/Interchange/Assets/Content/Functions/MX_OrenNayarBSDF.uasset" 506
"../../../Engine/Plugins/Interchange/Assets/Content/Functions/MX_OrenNayarBSDF.uexp" 507
"../../../Engine/Plugins/Interchange/Assets/Content/Functions/MX_SheenBSDF.uasset" 508
"../../../Engine/Plugins/Interchange/Assets/Content/Functions/MX_SheenBSDF.uexp" 509
"../../../Engine/Plugins/Interchange/Assets/Content/Functions/MX_SubsurfaceBSDF.uasset" 510
"../../../Engine/Plugins/Interchange/Assets/Content/Functions/MX_SubsurfaceBSDF.uexp" 511
"../../../Engine/Plugins/Interchange/Assets/Content/Functions/MX_Surface.uasset" 512
"../../../Engine/Plugins/Interchange/Assets/Content/Functions/MX_Surface.uexp" 513
"../../../Engine/Plugins/Interchange/Assets/Content/Functions/MX_SurfaceUnlit.uasset" 514
"../../../Engine/Plugins/Interchange/Assets/Content/Functions/MX_SurfaceUnlit.uexp" 515
"../../../Engine/Plugins/Interchange/Assets/Content/Functions/MX_ThinFilmBSDF.uasset" 516
"../../../Engine/Plugins/Interchange/Assets/Content/Functions/MX_ThinFilmBSDF.uexp" 517
"../../../Engine/Plugins/Interchange/Assets/Content/Functions/MX_TranslucentBSDF.uasset" 518
"../../../Engine/Plugins/Interchange/Assets/Content/Functions/MX_TranslucentBSDF.uexp" 519
"../../../Engine/Plugins/Interchange/Assets/Content/Functions/MX_UniformEDF.uasset" 520
"../../../Engine/Plugins/Interchange/Assets/Content/Functions/MX_UniformEDF.uexp" 521
"../../../Engine/Plugins/Interchange/Assets/Content/Functions/MX_UsdPreviewSurface.uasset" 522
"../../../Engine/Plugins/Interchange/Assets/Content/Functions/MX_UsdPreviewSurface.uexp" 523
"../../../Engine/Plugins/Runtime/HairStrands/Content/Materials/HairCardsDefaultMaterial.uasset" 524
"../../../Engine/Plugins/Runtime/HairStrands/Content/Materials/HairCardsDefaultMaterial.uexp" 525
"../../../Engine/Content/Functions/Engine_MaterialFunctions02/Utility/MakeFloat2.uasset" 526
"../../../Engine/Content/Functions/Engine_MaterialFunctions02/Utility/MakeFloat2.uexp" 527
"../../../Engine/Plugins/Runtime/HairStrands/Content/Materials/HairGroupColors.uasset" 528
"../../../Engine/Plugins/Runtime/HairStrands/Content/Materials/HairGroupColors.uexp" 529
"../../../Engine/Content/EngineMaterials/HairColorMap.uasset" 530
"../../../Engine/Content/EngineMaterials/HairColorMap.uexp" 531
"../../../Engine/Content/EngineMaterials/HairDebugColor.uasset" 532
"../../../Engine/Content/EngineMaterials/HairDebugColor.uexp" 533
"../../../Engine/Content/Functions/Engine_MaterialFunctions02/Utility/MakeFloat3.uasset" 534
"../../../Engine/Content/Functions/Engine_MaterialFunctions02/Utility/MakeFloat3.uexp" 535
"../../../Engine/Plugins/Runtime/HairStrands/Content/Materials/HairDebugMaterial.uasset" 536
"../../../Engine/Plugins/Runtime/HairStrands/Content/Materials/HairDebugMaterial.uexp" 537
"../../../Engine/Plugins/Runtime/HairStrands/Content/Materials/HairDefaultMaterial.uasset" 538
"../../../Engine/Plugins/Runtime/HairStrands/Content/Materials/HairDefaultMaterial.uexp" 539
"../../../Engine/Plugins/Runtime/HairStrands/Content/Materials/HairMeshesDefaultMaterial.uasset" 540
"../../../Engine/Plugins/Runtime/HairStrands/Content/Materials/HairMeshesDefaultMaterial.uexp" 541
"../../../Engine/Plugins/VirtualProduction/CameraCalibrationCore/Content/Materials/M_DefaultEvenSquare.uasset" 542
"../../../Engine/Plugins/VirtualProduction/CameraCalibrationCore/Content/Materials/M_DefaultEvenSquare.uexp" 543
"../../../Engine/Plugins/VirtualProduction/CameraCalibrationCore/Content/Materials/M_DefaultOddSquare.uasset" 544
"../../../Engine/Plugins/VirtualProduction/CameraCalibrationCore/Content/Materials/M_DefaultOddSquare.uexp" 545
"../../../Engine/Plugins/Animation/ControlRig/Content/M_Manip.uasset" 546
"../../../Engine/Plugins/Animation/ControlRig/Content/M_Manip.uexp" 547
"../../../Engine/Content/EngineMeshes/Sphere.ubulk" 548
"../../../Engine/Content/EngineMeshes/Sphere.uasset" 549
"../../../Engine/Content/EngineMeshes/Sphere.uexp" 550
"../../../Engine/Content/EngineResources/DefaultTextureCube.uasset" 551
"../../../Engine/Content/EngineResources/DefaultTextureCube.uexp" 552
"../../../Engine/Content/EngineResources/DefaultVolumeTexture2D.uasset" 553
"../../../Engine/Content/EngineResources/DefaultVolumeTexture2D.uexp" 554
"../../../Engine/Content/EngineResources/DefaultVolumeTexture.uasset" 555
"../../../Engine/Content/EngineResources/DefaultVolumeTexture.uexp" 556
"../../../Engine/Plugins/2D/Paper2D/Content/DefaultSpriteMaterial.uasset" 557
"../../../Engine/Plugins/2D/Paper2D/Content/DefaultSpriteMaterial.uexp" 558
"../../../Engine/Plugins/2D/Paper2D/Content/OpaqueUnlitSpriteMaterial.uasset" 559
"../../../Engine/Plugins/2D/Paper2D/Content/OpaqueUnlitSpriteMaterial.uexp" 560
"../../../Engine/Plugins/2D/Paper2D/Content/MaskedUnlitSpriteMaterial.uasset" 561
"../../../Engine/Plugins/2D/Paper2D/Content/MaskedUnlitSpriteMaterial.uexp" 562
"../../../Engine/Plugins/NNE/NNEDenoiser/Content/NNE_oidn2-3-0_rt_hdr_calb_cnrm_large__dyn__fp16_opset11_ForwardAlpha.uasset" 563
"../../../Engine/Plugins/NNE/NNEDenoiser/Content/NNE_oidn2-3-0_rt_hdr_calb_cnrm_large__dyn__fp16_opset11_ForwardAlpha.uexp" 564
"../../../Engine/Plugins/NNE/NNEDenoiser/Content/NNE_oidn2-3-0_rt_hdr_calb_cnrm_large__dyn__fp16_opset11_DenoiseAlpha.uasset" 565
"../../../Engine/Plugins/NNE/NNEDenoiser/Content/NNE_oidn2-3-0_rt_hdr_calb_cnrm_large__dyn__fp16_opset11_DenoiseAlpha.uexp" 566
"../../../Engine/Plugins/NNE/NNEDenoiser/Content/NNE_oidn2-3-0_rt_hdr_alb_nrm__dyn__fp16_opset11_ForwardAlpha.uasset" 567
"../../../Engine/Plugins/NNE/NNEDenoiser/Content/NNE_oidn2-3-0_rt_hdr_alb_nrm__dyn__fp16_opset11_ForwardAlpha.uexp" 568
"../../../Engine/Plugins/NNE/NNEDenoiser/Content/NNE_oidn2-3-0_rt_hdr_alb_nrm__dyn__fp16_opset11_DenoiseAlpha.uasset" 569
"../../../Engine/Plugins/NNE/NNEDenoiser/Content/NNE_oidn2-3-0_rt_hdr_alb_nrm__dyn__fp16_opset11_DenoiseAlpha.uexp" 570
"../../../Engine/Plugins/NNE/NNEDenoiser/Content/NNE_oidn2-3-0_rt_hdr_alb_nrm_small__dyn__fp16_opset11_ForwardAlpha.uasset" 571
"../../../Engine/Plugins/NNE/NNEDenoiser/Content/NNE_oidn2-3-0_rt_hdr_alb_nrm_small__dyn__fp16_opset11_ForwardAlpha.uexp" 572
"../../../Engine/Plugins/NNE/NNEDenoiser/Content/NNE_oidn2-3-0_rt_hdr_alb_nrm_small__dyn__fp16_opset11_DenoiseAlpha.uasset" 573
"../../../Engine/Plugins/NNE/NNEDenoiser/Content/NNE_oidn2-3-0_rt_hdr_alb_nrm_small__dyn__fp16_opset11_DenoiseAlpha.uexp" 574
"../../../Engine/Plugins/Media/MediaPlate/Content/SM_MediaPlateScreen.ubulk" 575
"../../../Engine/Plugins/Media/MediaPlate/Content/SM_MediaPlateScreen.uasset" 576
"../../../Engine/Plugins/Media/MediaPlate/Content/SM_MediaPlateScreen.uexp" 577
"../../../Engine/Plugins/Animation/ControlRig/Content/Controls/ControlRig_Wedge_solid.ubulk" 578
"../../../Engine/Plugins/Animation/ControlRig/Content/Controls/ControlRig_Wedge_solid.uasset" 579
"../../../Engine/Plugins/Animation/ControlRig/Content/Controls/ControlRig_Wedge_solid.uexp" 580
"../../../Engine/Plugins/Animation/ControlRig/Content/Controls/ControlRig_Wedge_3mm.ubulk" 581
"../../../Engine/Plugins/Animation/ControlRig/Content/Controls/ControlRig_Wedge_3mm.uasset" 582
"../../../Engine/Plugins/Animation/ControlRig/Content/Controls/ControlRig_Wedge_3mm.uexp" 583
"../../../Engine/Plugins/Animation/ControlRig/Content/Controls/ControlRig_Wedge_1mm.ubulk" 584
"../../../Engine/Plugins/Animation/ControlRig/Content/Controls/ControlRig_Wedge_1mm.uasset" 585
"../../../Engine/Plugins/Animation/ControlRig/Content/Controls/ControlRig_Wedge_1mm.uexp" 586
"../../../Engine/Plugins/Animation/ControlRig/Content/Controls/ControlRig_Triangle_solid.ubulk" 587
"../../../Engine/Plugins/Animation/ControlRig/Content/Controls/ControlRig_Triangle_solid.uasset" 588
"../../../Engine/Plugins/Animation/ControlRig/Content/Controls/ControlRig_Triangle_solid.uexp" 589
"../../../Engine/Plugins/Animation/ControlRig/Content/Controls/ControlRig_Triangle_3mm.ubulk" 590
"../../../Engine/Plugins/Animation/ControlRig/Content/Controls/ControlRig_Triangle_3mm.uasset" 591
"../../../Engine/Plugins/Animation/ControlRig/Content/Controls/ControlRig_Triangle_3mm.uexp" 592
"../../../Engine/Plugins/Animation/ControlRig/Content/Controls/ControlRig_Triangle_1mm.ubulk" 593
"../../../Engine/Plugins/Animation/ControlRig/Content/Controls/ControlRig_Triangle_1mm.uasset" 594
"../../../Engine/Plugins/Animation/ControlRig/Content/Controls/ControlRig_Triangle_1mm.uexp" 595
"../../../Engine/Plugins/Animation/ControlRig/Content/Controls/ControlRig_Star4_solid.ubulk" 596
"../../../Engine/Plugins/Animation/ControlRig/Content/Controls/ControlRig_Star4_solid.uasset" 597
"../../../Engine/Plugins/Animation/ControlRig/Content/Controls/ControlRig_Star4_solid.uexp" 598
"../../../Engine/Plugins/Animation/ControlRig/Content/Controls/ControlRig_Star4_3mm.ubulk" 599
"../../../Engine/Plugins/Animation/ControlRig/Content/Controls/ControlRig_Star4_3mm.uasset" 600
"../../../Engine/Plugins/Animation/ControlRig/Content/Controls/ControlRig_Star4_3mm.uexp" 601
"../../../Engine/Plugins/Animation/ControlRig/Content/Controls/ControlRig_Star4_1mm.ubulk" 602
"../../../Engine/Plugins/Animation/ControlRig/Content/Controls/ControlRig_Star4_1mm.uasset" 603
"../../../Engine/Plugins/Animation/ControlRig/Content/Controls/ControlRig_Star4_1mm.uexp" 604
"../../../Engine/Plugins/Animation/ControlRig/Content/Controls/ControlRig_Square_solid.ubulk" 605
"../../../Engine/Plugins/Animation/ControlRig/Content/Controls/ControlRig_Square_solid.uasset" 606
"../../../Engine/Plugins/Animation/ControlRig/Content/Controls/ControlRig_Square_solid.uexp" 607
"../../../Engine/Plugins/Animation/ControlRig/Content/Controls/ControlRig_Square_3mm.ubulk" 608
"../../../Engine/Plugins/Animation/ControlRig/Content/Controls/ControlRig_Square_3mm.uasset" 609
"../../../Engine/Plugins/Animation/ControlRig/Content/Controls/ControlRig_Square_3mm.uexp" 610
"../../../Engine/Plugins/Animation/ControlRig/Content/Controls/ControlRig_Square_1mm.ubulk" 611
"../../../Engine/Plugins/Animation/ControlRig/Content/Controls/ControlRig_Square_1mm.uasset" 612
"../../../Engine/Plugins/Animation/ControlRig/Content/Controls/ControlRig_Square_1mm.uexp" 613
"../../../Engine/Plugins/Animation/ControlRig/Content/Controls/ControlRig_Sphere_solid.ubulk" 614
"../../../Engine/Plugins/Animation/ControlRig/Content/Controls/ControlRig_Sphere_solid.uasset" 615
"../../../Engine/Plugins/Animation/ControlRig/Content/Controls/ControlRig_Sphere_solid.uexp" 616
"../../../Engine/Plugins/Animation/ControlRig/Content/Controls/ControlRig_Sphere_3mm.ubulk" 617
"../../../Engine/Plugins/Animation/ControlRig/Content/Controls/ControlRig_Sphere_3mm.uasset" 618
"../../../Engine/Plugins/Animation/ControlRig/Content/Controls/ControlRig_Sphere_3mm.uexp" 619
"../../../Engine/Plugins/Animation/ControlRig/Content/Controls/ControlRig_Sphere_1mm.ubulk" 620
"../../../Engine/Plugins/Animation/ControlRig/Content/Controls/ControlRig_Sphere_1mm.uasset" 621
"../../../Engine/Plugins/Animation/ControlRig/Content/Controls/ControlRig_Sphere_1mm.uexp" 622
"../../../Engine/Plugins/Animation/ControlRig/Content/Controls/ControlRig_RoundedTriangle_solid.ubulk" 623
"../../../Engine/Plugins/Animation/ControlRig/Content/Controls/ControlRig_RoundedTriangle_solid.uasset" 624
"../../../Engine/Plugins/Animation/ControlRig/Content/Controls/ControlRig_RoundedTriangle_solid.uexp" 625
"../../../Engine/Plugins/Animation/ControlRig/Content/Controls/ControlRig_RoundedTriangle_3mm.ubulk" 626
"../../../Engine/Plugins/Animation/ControlRig/Content/Controls/ControlRig_RoundedTriangle_3mm.uasset" 627
"../../../Engine/Plugins/Animation/ControlRig/Content/Controls/ControlRig_RoundedTriangle_3mm.uexp" 628
"../../../Engine/Plugins/Animation/ControlRig/Content/Controls/ControlRig_RoundedTriangle_1mm.ubulk" 629
"../../../Engine/Plugins/Animation/ControlRig/Content/Controls/ControlRig_RoundedTriangle_1mm.uasset" 630
"../../../Engine/Plugins/Animation/ControlRig/Content/Controls/ControlRig_RoundedTriangle_1mm.uexp" 631
"../../../Engine/Plugins/Animation/ControlRig/Content/Controls/ControlRig_RoundedSquare_solid.ubulk" 632
"../../../Engine/Plugins/Animation/ControlRig/Content/Controls/ControlRig_RoundedSquare_solid.uasset" 633
"../../../Engine/Plugins/Animation/ControlRig/Content/Controls/ControlRig_RoundedSquare_solid.uexp" 634
"../../../Engine/Plugins/Animation/ControlRig/Content/Controls/ControlRig_RoundedSquare_3mm.ubulk" 635
"../../../Engine/Plugins/Animation/ControlRig/Content/Controls/ControlRig_RoundedSquare_3mm.uasset" 636
"../../../Engine/Plugins/Animation/ControlRig/Content/Controls/ControlRig_RoundedSquare_3mm.uexp" 637
"../../../Engine/Plugins/Animation/ControlRig/Content/Controls/ControlRig_RoundedSquare_1mm.ubulk" 638
"../../../Engine/Plugins/Animation/ControlRig/Content/Controls/ControlRig_RoundedSquare_1mm.uasset" 639
"../../../Engine/Plugins/Animation/ControlRig/Content/Controls/ControlRig_RoundedSquare_1mm.uexp" 640
"../../../Engine/Plugins/Animation/ControlRig/Content/Controls/ControlRig_QuarterCircle_solid.ubulk" 641
"../../../Engine/Plugins/Animation/ControlRig/Content/Controls/ControlRig_QuarterCircle_solid.uasset" 642
"../../../Engine/Plugins/Animation/ControlRig/Content/Controls/ControlRig_QuarterCircle_solid.uexp" 643
"../../../Engine/Plugins/Animation/ControlRig/Content/Controls/ControlRig_QuarterCircle_3mm.ubulk" 644
"../../../Engine/Plugins/Animation/ControlRig/Content/Controls/ControlRig_QuarterCircle_3mm.uasset" 645
"../../../Engine/Plugins/Animation/ControlRig/Content/Controls/ControlRig_QuarterCircle_3mm.uexp" 646
"../../../Engine/Plugins/Animation/ControlRig/Content/Controls/ControlRig_QuarterCircle_1mm.ubulk" 647
"../../../Engine/Plugins/Animation/ControlRig/Content/Controls/ControlRig_QuarterCircle_1mm.uasset" 648
"../../../Engine/Plugins/Animation/ControlRig/Content/Controls/ControlRig_QuarterCircle_1mm.uexp" 649
"../../../Engine/Plugins/Animation/ControlRig/Content/Controls/ControlRig_Pyramid_solid.ubulk" 650
"../../../Engine/Plugins/Animation/ControlRig/Content/Controls/ControlRig_Pyramid_solid.uasset" 651
"../../../Engine/Plugins/Animation/ControlRig/Content/Controls/ControlRig_Pyramid_solid.uexp" 652
"../../../Engine/Plugins/Animation/ControlRig/Content/Controls/ControlRig_Pyramid_3mm.ubulk" 653
"../../../Engine/Plugins/Animation/ControlRig/Content/Controls/ControlRig_Pyramid_3mm.uasset" 654
"../../../Engine/Plugins/Animation/ControlRig/Content/Controls/ControlRig_Pyramid_3mm.uexp" 655
"../../../Engine/Plugins/Animation/ControlRig/Content/Controls/ControlRig_Pyramid_1mm.ubulk" 656
"../../../Engine/Plugins/Animation/ControlRig/Content/Controls/ControlRig_Pyramid_1mm.uasset" 657
"../../../Engine/Plugins/Animation/ControlRig/Content/Controls/ControlRig_Pyramid_1mm.uexp" 658
"../../../Engine/Plugins/Animation/ControlRig/Content/Controls/ControlRig_Octagon_solid.ubulk" 659
"../../../Engine/Plugins/Animation/ControlRig/Content/Controls/ControlRig_Octagon_solid.uasset" 660
"../../../Engine/Plugins/Animation/ControlRig/Content/Controls/ControlRig_Octagon_solid.uexp" 661
"../../../Engine/Plugins/Animation/ControlRig/Content/Controls/ControlRig_Octagon_3mm.ubulk" 662
"../../../Engine/Plugins/Animation/ControlRig/Content/Controls/ControlRig_Octagon_3mm.uasset" 663
"../../../Engine/Plugins/Animation/ControlRig/Content/Controls/ControlRig_Octagon_3mm.uexp" 664
"../../../Engine/Plugins/Animation/ControlRig/Content/Controls/ControlRig_Octagon_1mm.ubulk" 665
"../../../Engine/Plugins/Animation/ControlRig/Content/Controls/ControlRig_Octagon_1mm.uasset" 666
"../../../Engine/Plugins/Animation/ControlRig/Content/Controls/ControlRig_Octagon_1mm.uexp" 667
"../../../Engine/Plugins/Animation/ControlRig/Content/Controls/ControlRig_Hexagon_solid.ubulk" 668
"../../../Engine/Plugins/Animation/ControlRig/Content/Controls/ControlRig_Hexagon_solid.uasset" 669
"../../../Engine/Plugins/Animation/ControlRig/Content/Controls/ControlRig_Hexagon_solid.uexp" 670
"../../../Engine/Plugins/Animation/ControlRig/Content/Controls/ControlRig_Hexagon_3mm.ubulk" 671
"../../../Engine/Plugins/Animation/ControlRig/Content/Controls/ControlRig_Hexagon_3mm.uasset" 672
"../../../Engine/Plugins/Animation/ControlRig/Content/Controls/ControlRig_Hexagon_3mm.uexp" 673
"../../../Engine/Plugins/Animation/ControlRig/Content/Controls/ControlRig_Hexagon_1mm.ubulk" 674
"../../../Engine/Plugins/Animation/ControlRig/Content/Controls/ControlRig_Hexagon_1mm.uasset" 675
"../../../Engine/Plugins/Animation/ControlRig/Content/Controls/ControlRig_Hexagon_1mm.uexp" 676
"../../../Engine/Plugins/Animation/ControlRig/Content/Controls/ControlRig_HalfCircle_solid.ubulk" 677
"../../../Engine/Plugins/Animation/ControlRig/Content/Controls/ControlRig_HalfCircle_solid.uasset" 678
"../../../Engine/Plugins/Animation/ControlRig/Content/Controls/ControlRig_HalfCircle_solid.uexp" 679
"../../../Engine/Plugins/Animation/ControlRig/Content/Controls/ControlRig_HalfCircle_3mm.ubulk" 680
"../../../Engine/Plugins/Animation/ControlRig/Content/Controls/ControlRig_HalfCircle_3mm.uasset" 681
"../../../Engine/Plugins/Animation/ControlRig/Content/Controls/ControlRig_HalfCircle_3mm.uexp" 682
"../../../Engine/Plugins/Animation/ControlRig/Content/Controls/ControlRig_HalfCircle_1mm.ubulk" 683
"../../../Engine/Plugins/Animation/ControlRig/Content/Controls/ControlRig_HalfCircle_1mm.uasset" 684
"../../../Engine/Plugins/Animation/ControlRig/Content/Controls/ControlRig_HalfCircle_1mm.uexp" 685
"../../../Engine/Plugins/Animation/ControlRig/Content/Controls/ControlRig_Diamond_solid.ubulk" 686
"../../../Engine/Plugins/Animation/ControlRig/Content/Controls/ControlRig_Diamond_solid.uasset" 687
"../../../Engine/Plugins/Animation/ControlRig/Content/Controls/ControlRig_Diamond_solid.uexp" 688
"../../../Engine/Plugins/Animation/ControlRig/Content/Controls/ControlRig_Diamond_3mm.ubulk" 689
"../../../Engine/Plugins/Animation/ControlRig/Content/Controls/ControlRig_Diamond_3mm.uasset" 690
"../../../Engine/Plugins/Animation/ControlRig/Content/Controls/ControlRig_Diamond_3mm.uexp" 691
"../../../Engine/Plugins/Animation/ControlRig/Content/Controls/ControlRig_Diamond_1mm.ubulk" 692
"../../../Engine/Plugins/Animation/ControlRig/Content/Controls/ControlRig_Diamond_1mm.uasset" 693
"../../../Engine/Plugins/Animation/ControlRig/Content/Controls/ControlRig_Diamond_1mm.uexp" 694
"../../../Engine/Plugins/Animation/ControlRig/Content/Controls/ControlRig_Circle_solid.ubulk" 695
"../../../Engine/Plugins/Animation/ControlRig/Content/Controls/ControlRig_Circle_solid.uasset" 696
"../../../Engine/Plugins/Animation/ControlRig/Content/Controls/ControlRig_Circle_solid.uexp" 697
"../../../Engine/Plugins/Animation/ControlRig/Content/Controls/ControlRig_Circle_3mm.ubulk" 698
"../../../Engine/Plugins/Animation/ControlRig/Content/Controls/ControlRig_Circle_3mm.uasset" 699
"../../../Engine/Plugins/Animation/ControlRig/Content/Controls/ControlRig_Circle_3mm.uexp" 700
"../../../Engine/Plugins/Animation/ControlRig/Content/Controls/ControlRig_Circle_1mm.ubulk" 701
"../../../Engine/Plugins/Animation/ControlRig/Content/Controls/ControlRig_Circle_1mm.uasset" 702
"../../../Engine/Plugins/Animation/ControlRig/Content/Controls/ControlRig_Circle_1mm.uexp" 703
"../../../Engine/Plugins/Animation/ControlRig/Content/Controls/ControlRig_Box_solid.ubulk" 704
"../../../Engine/Plugins/Animation/ControlRig/Content/Controls/ControlRig_Box_solid.uasset" 705
"../../../Engine/Plugins/Animation/ControlRig/Content/Controls/ControlRig_Box_solid.uexp" 706
"../../../Engine/Plugins/Animation/ControlRig/Content/Controls/ControlRig_Box_3mm.ubulk" 707
"../../../Engine/Plugins/Animation/ControlRig/Content/Controls/ControlRig_Box_3mm.uasset" 708
"../../../Engine/Plugins/Animation/ControlRig/Content/Controls/ControlRig_Box_3mm.uexp" 709
"../../../Engine/Plugins/Animation/ControlRig/Content/Controls/ControlRig_Box_1mm.ubulk" 710
"../../../Engine/Plugins/Animation/ControlRig/Content/Controls/ControlRig_Box_1mm.uasset" 711
"../../../Engine/Plugins/Animation/ControlRig/Content/Controls/ControlRig_Box_1mm.uexp" 712
"../../../Engine/Plugins/Animation/ControlRig/Content/Controls/ControlRig_Arrow_solid.ubulk" 713
"../../../Engine/Plugins/Animation/ControlRig/Content/Controls/ControlRig_Arrow_solid.uasset" 714
"../../../Engine/Plugins/Animation/ControlRig/Content/Controls/ControlRig_Arrow_solid.uexp" 715
"../../../Engine/Plugins/Animation/ControlRig/Content/Controls/ControlRig_Arrow_3mm.ubulk" 716
"../../../Engine/Plugins/Animation/ControlRig/Content/Controls/ControlRig_Arrow_3mm.uasset" 717
"../../../Engine/Plugins/Animation/ControlRig/Content/Controls/ControlRig_Arrow_3mm.uexp" 718
"../../../Engine/Plugins/Animation/ControlRig/Content/Controls/ControlRig_Arrow_1mm.ubulk" 719
"../../../Engine/Plugins/Animation/ControlRig/Content/Controls/ControlRig_Arrow_1mm.uasset" 720
"../../../Engine/Plugins/Animation/ControlRig/Content/Controls/ControlRig_Arrow_1mm.uexp" 721
"../../../Engine/Plugins/Animation/ControlRig/Content/Controls/ControlRig_Arrow4_solid.ubulk" 722
"../../../Engine/Plugins/Animation/ControlRig/Content/Controls/ControlRig_Arrow4_solid.uasset" 723
"../../../Engine/Plugins/Animation/ControlRig/Content/Controls/ControlRig_Arrow4_solid.uexp" 724
"../../../Engine/Plugins/Animation/ControlRig/Content/Controls/ControlRig_Arrow4_3mm.ubulk" 725
"../../../Engine/Plugins/Animation/ControlRig/Content/Controls/ControlRig_Arrow4_3mm.uasset" 726
"../../../Engine/Plugins/Animation/ControlRig/Content/Controls/ControlRig_Arrow4_3mm.uexp" 727
"../../../Engine/Plugins/Animation/ControlRig/Content/Controls/ControlRig_Arrow4_1mm.ubulk" 728
"../../../Engine/Plugins/Animation/ControlRig/Content/Controls/ControlRig_Arrow4_1mm.uasset" 729
"../../../Engine/Plugins/Animation/ControlRig/Content/Controls/ControlRig_Arrow4_1mm.uexp" 730
"../../../Engine/Plugins/Animation/ControlRig/Content/Controls/ControlRig_Arrow2_solid.ubulk" 731
"../../../Engine/Plugins/Animation/ControlRig/Content/Controls/ControlRig_Arrow2_solid.uasset" 732
"../../../Engine/Plugins/Animation/ControlRig/Content/Controls/ControlRig_Arrow2_solid.uexp" 733
"../../../Engine/Plugins/Animation/ControlRig/Content/Controls/ControlRig_Arrow2_3mm.ubulk" 734
"../../../Engine/Plugins/Animation/ControlRig/Content/Controls/ControlRig_Arrow2_3mm.uasset" 735
"../../../Engine/Plugins/Animation/ControlRig/Content/Controls/ControlRig_Arrow2_3mm.uexp" 736
"../../../Engine/Plugins/Animation/ControlRig/Content/Controls/ControlRig_Arrow2_1mm.ubulk" 737
"../../../Engine/Plugins/Animation/ControlRig/Content/Controls/ControlRig_Arrow2_1mm.uasset" 738
"../../../Engine/Plugins/Animation/ControlRig/Content/Controls/ControlRig_Arrow2_1mm.uexp" 739
"../../../Engine/Content/EngineResources/LandscapeVisibilityLayerInfo.uasset" 740
"../../../Engine/Content/EngineResources/LandscapeVisibilityLayerInfo.uexp" 741
"../../../Engine/Content/EngineResources/WhiteSquareTexture.uasset" 742
"../../../Engine/Content/EngineResources/WhiteSquareTexture.uexp" 743
"../../../Engine/Content/EngineMaterials/Widget3DPassThrough.uasset" 744
"../../../Engine/Content/EngineMaterials/Widget3DPassThrough.uexp" 745
"../../../Engine/Content/EngineMaterials/Widget3DPassThrough_Translucent.uasset" 746
"../../../Engine/Content/EngineMaterials/Widget3DPassThrough_Translucent.uexp" 747
"../../../Engine/Content/EngineMaterials/Widget3DPassThrough_Translucent_OneSided.uasset" 748
"../../../Engine/Content/EngineMaterials/Widget3DPassThrough_Translucent_OneSided.uexp" 749
"../../../Engine/Content/VREditor/TransformGizmo/Xray.uasset" 750
"../../../Engine/Content/VREditor/TransformGizmo/Xray.uexp" 751
"../../../Engine/Content/VREditor/TransformGizmo/Main.uasset" 752
"../../../Engine/Content/VREditor/TransformGizmo/Main.uexp" 753
"../../../Engine/Content/VREditor/TransformGizmo/SM_Sequencer_Node.ubulk" 754
"../../../Engine/Content/VREditor/TransformGizmo/SM_Sequencer_Node.uasset" 755
"../../../Engine/Content/VREditor/TransformGizmo/SM_Sequencer_Node.uexp" 756
"../../../Engine/Content/EngineMaterials/Widget3DPassThrough_Opaque.uasset" 757
"../../../Engine/Content/EngineMaterials/Widget3DPassThrough_Opaque.uexp" 758
"../../../Engine/Content/EngineMaterials/Widget3DPassThrough_Opaque_OneSided.uasset" 759
"../../../Engine/Content/EngineMaterials/Widget3DPassThrough_Opaque_OneSided.uexp" 760
"../../../Engine/Content/EngineMaterials/Widget3DPassThrough_Masked_OneSided.uasset" 761
"../../../Engine/Content/EngineMaterials/Widget3DPassThrough_Masked_OneSided.uexp" 762
"../../../Engine/Content/EngineMaterials/Widget3DPassThrough_Masked.uasset" 763
"../../../Engine/Content/EngineMaterials/Widget3DPassThrough_Masked.uexp" 764
"../../../Engine/Content/EngineMaterials/WeightMapPlaceholderTexture.uasset" 765
"../../../Engine/Content/EngineMaterials/WeightMapPlaceholderTexture.uexp" 766
"../../../Engine/Content/EngineMaterials/WeightMapArrayPlaceholderTexture.uasset" 767
"../../../Engine/Content/EngineMaterials/WeightMapArrayPlaceholderTexture.uexp" 768
"../../../Engine/Content/EditorLandscapeResources/SplineEditorMeshMat.uasset" 769
"../../../Engine/Content/EditorLandscapeResources/SplineEditorMeshMat.uexp" 770
"../../../Engine/Content/EditorLandscapeResources/SplineEditorMesh.ubulk" 771
"../../../Engine/Content/EditorLandscapeResources/SplineEditorMesh.uasset" 772
"../../../Engine/Content/EditorLandscapeResources/SplineEditorMesh.uexp" 773
"../../../Engine/Content/Functions/Engine_MaterialFunctions03/Math/WithinRangeFloat2.uasset" 774
"../../../Engine/Content/Functions/Engine_MaterialFunctions03/Math/WithinRangeFloat2.uexp" 775
"../../../Engine/Content/EditorLandscapeResources/SelectBrushMaterial.uasset" 776
"../../../Engine/Content/EditorLandscapeResources/SelectBrushMaterial.uexp" 777
"../../../Engine/Content/EditorLandscapeResources/SelectBrushMaterial_SelectedRegion.uasset" 778
"../../../Engine/Content/EditorLandscapeResources/SelectBrushMaterial_SelectedRegion.uexp" 779
"../../../Engine/Content/EditorLandscapeResources/SelectBrushMaterial_Selected.uasset" 780
"../../../Engine/Content/EditorLandscapeResources/SelectBrushMaterial_Selected.uexp" 781
"../../../Engine/Content/EditorLandscapeResources/MaskBrushMaterial.uasset" 782
"../../../Engine/Content/EditorLandscapeResources/MaskBrushMaterial.uexp" 783
"../../../Engine/Content/EditorLandscapeResources/MaskBrushMaterial_MaskedRegion.uasset" 784
"../../../Engine/Content/EditorLandscapeResources/MaskBrushMaterial_MaskedRegion.uexp" 785
"../../../Engine/Content/EditorLandscapeResources/ColorMaskBrushMaterial.uasset" 786
"../../../Engine/Content/EditorLandscapeResources/ColorMaskBrushMaterial.uexp" 787
"../../../Engine/Content/EditorLandscapeResources/ColorMaskBrushMaterial_MaskedRegion.uasset" 788
"../../../Engine/Content/EditorLandscapeResources/ColorMaskBrushMaterial_MaskedRegion.uexp" 789
"../../../Engine/Content/BasicShapes/Plane.ubulk" 790
"../../../Engine/Content/BasicShapes/Plane.uasset" 791
"../../../Engine/Content/BasicShapes/Plane.uexp" 792
"../../../Engine/Content/BasicShapes/Cone.ubulk" 793
"../../../Engine/Content/BasicShapes/Cone.uasset" 794
"../../../Engine/Content/BasicShapes/Cone.uexp" 795
"../../../Engine/Content/EditorMaterials/Camera/CineMat.uasset" 796
"../../../Engine/Content/EditorMaterials/Camera/CineMat.uexp" 797
"../../../Engine/Content/EditorMaterials/Camera/MI_CineMat_Rig.uasset" 798
"../../../Engine/Content/EditorMaterials/Camera/MI_CineMat_Rig.uexp" 799
"../../../Engine/Content/EditorMeshes/Camera/SM_RailRig_Track.ubulk" 800
"../../../Engine/Content/EditorMeshes/Camera/SM_RailRig_Track.uasset" 801
"../../../Engine/Content/EditorMeshes/Camera/SM_RailRig_Track.uexp" 802
"../../../Engine/Content/EditorMeshes/Camera/SM_RailRig_Mount.ubulk" 803
"../../../Engine/Content/EditorMeshes/Camera/SM_RailRig_Mount.uasset" 804
"../../../Engine/Content/EditorMeshes/Camera/SM_RailRig_Mount.uexp" 805
"../../../Engine/Content/EditorMeshes/Camera/SM_CraneRig_Mount.ubulk" 806
"../../../Engine/Content/EditorMeshes/Camera/SM_CraneRig_Mount.uasset" 807
"../../../Engine/Content/EditorMeshes/Camera/SM_CraneRig_Mount.uexp" 808
"../../../Engine/Content/EditorMeshes/Camera/SM_CraneRig_Body.ubulk" 809
"../../../Engine/Content/EditorMeshes/Camera/SM_CraneRig_Body.uasset" 810
"../../../Engine/Content/EditorMeshes/Camera/SM_CraneRig_Body.uexp" 811
"../../../Engine/Content/EditorMeshes/Camera/SM_CraneRig_Base.ubulk" 812
"../../../Engine/Content/EditorMeshes/Camera/SM_CraneRig_Base.uasset" 813
"../../../Engine/Content/EditorMeshes/Camera/SM_CraneRig_Base.uexp" 814
"../../../Engine/Content/EditorMeshes/Camera/SM_CraneRig_Arm.ubulk" 815
"../../../Engine/Content/EditorMeshes/Camera/SM_CraneRig_Arm.uasset" 816
"../../../Engine/Content/EditorMeshes/Camera/SM_CraneRig_Arm.uexp" 817
"../../../Engine/Content/VREditor/TransformGizmo/TranslucentTransformGizmoMaterial.uasset" 818
"../../../Engine/Content/VREditor/TransformGizmo/TranslucentTransformGizmoMaterial.uexp" 819
"../../../Engine/Content/VREditor/LaserPointer/VR_LaserPower_01.ubulk" 820
"../../../Engine/Content/VREditor/LaserPointer/VR_LaserPower_01.uasset" 821
"../../../Engine/Content/VREditor/LaserPointer/VR_LaserPower_01.uexp" 822
"../../../Engine/Content/VREditor/TransformGizmo/TransformGizmoMaterial.uasset" 823
"../../../Engine/Content/VREditor/TransformGizmo/TransformGizmoMaterial.uexp" 824
"../../../Engine/Content/VREditor/TransformGizmo/BoundingBoxEdge.ubulk" 825
"../../../Engine/Content/VREditor/TransformGizmo/BoundingBoxEdge.uasset" 826
"../../../Engine/Content/VREditor/TransformGizmo/BoundingBoxEdge.uexp" 827
"../../../Engine/Content/VREditor/TransformGizmo/BoundingBoxCorner.ubulk" 828
"../../../Engine/Content/VREditor/TransformGizmo/BoundingBoxCorner.uasset" 829
"../../../Engine/Content/VREditor/TransformGizmo/BoundingBoxCorner.uexp" 830
"../../../Engine/Plugins/Interchange/Assets/Content/gltf/Textures/T_White_srgb.uasset" 831
"../../../Engine/Plugins/Interchange/Assets/Content/gltf/Textures/T_White_srgb.uexp" 832
"../../../Engine/Plugins/Interchange/Assets/Content/gltf/MaterialFunctions/MF_BaseColor.uasset" 833
"../../../Engine/Plugins/Interchange/Assets/Content/gltf/MaterialFunctions/MF_BaseColor.uexp" 834
"../../../Engine/Plugins/Interchange/Assets/Content/gltf/MaterialFunctions/MF_RotateV2.uasset" 835
"../../../Engine/Plugins/Interchange/Assets/Content/gltf/MaterialFunctions/MF_RotateV2.uexp" 836
"../../../Engine/Plugins/Interchange/Assets/Content/gltf/MaterialFunctions/MF_TransformUVs.uasset" 837
"../../../Engine/Plugins/Interchange/Assets/Content/gltf/MaterialFunctions/MF_TransformUVs.uexp" 838
"../../../Engine/Plugins/Interchange/Assets/Content/gltf/MaterialBodies/MF_Unlit_Body.uasset" 839
"../../../Engine/Plugins/Interchange/Assets/Content/gltf/MaterialBodies/MF_Unlit_Body.uexp" 840
"../../../Engine/Plugins/Interchange/Assets/Content/gltf/M_Unlit.uasset" 841
"../../../Engine/Plugins/Interchange/Assets/Content/gltf/M_Unlit.uexp" 842
"../../../Engine/Plugins/Interchange/Assets/Content/gltf/MaterialInstances/MI_Unlit_Opaque_DS.uasset" 843
"../../../Engine/Plugins/Interchange/Assets/Content/gltf/MaterialInstances/MI_Unlit_Opaque_DS.uexp" 844
"../../../Engine/Plugins/Interchange/Assets/Content/gltf/MaterialInstances/MI_Unlit_Opaque.uasset" 845
"../../../Engine/Plugins/Interchange/Assets/Content/gltf/MaterialInstances/MI_Unlit_Opaque.uexp" 846
"../../../Engine/Plugins/Interchange/Assets/Content/gltf/MaterialInstances/MI_Unlit_Mask_DS.uasset" 847
"../../../Engine/Plugins/Interchange/Assets/Content/gltf/MaterialInstances/MI_Unlit_Mask_DS.uexp" 848
"../../../Engine/Plugins/Interchange/Assets/Content/gltf/MaterialInstances/MI_Unlit_Mask.uasset" 849
"../../../Engine/Plugins/Interchange/Assets/Content/gltf/MaterialInstances/MI_Unlit_Mask.uexp" 850
"../../../Engine/Plugins/Interchange/Assets/Content/gltf/MaterialInstances/MI_Unlit_Blend_DS.uasset" 851
"../../../Engine/Plugins/Interchange/Assets/Content/gltf/MaterialInstances/MI_Unlit_Blend_DS.uexp" 852
"../../../Engine/Plugins/Interchange/Assets/Content/gltf/MaterialInstances/MI_Unlit_Blend.uasset" 853
"../../../Engine/Plugins/Interchange/Assets/Content/gltf/MaterialInstances/MI_Unlit_Blend.uexp" 854
"../../../Engine/Content/EngineMaterials/Good64x64TilingNoiseHighFreq.uasset" 855
"../../../Engine/Content/EngineMaterials/Good64x64TilingNoiseHighFreq.uexp" 856
"../../../Engine/Content/Functions/Engine_MaterialFunctions02/Texturing/ScreenAlignedPixelToPixelUVs.uasset" 857
"../../../Engine/Content/Functions/Engine_MaterialFunctions02/Texturing/ScreenAlignedPixelToPixelUVs.uexp" 858
"../../../Engine/Plugins/Interchange/Assets/Content/Utilities/New_LUT.uasset" 859
"../../../Engine/Plugins/Interchange/Assets/Content/Utilities/New_LUT.uexp" 860
"../../../Engine/Content/Functions/Engine_MaterialFunctions03/Math/RemapValueRange.uasset" 861
"../../../Engine/Content/Functions/Engine_MaterialFunctions03/Math/RemapValueRange.uexp" 862
"../../../Engine/Plugins/Interchange/Assets/Content/Functions/MF_Iridescence.uasset" 863
"../../../Engine/Plugins/Interchange/Assets/Content/Functions/MF_Iridescence.uexp" 864
"../../../Engine/Plugins/Interchange/Assets/Content/gltf/MaterialFunctions/MF_Fresnel_DS.uasset" 865
"../../../Engine/Plugins/Interchange/Assets/Content/gltf/MaterialFunctions/MF_Fresnel_DS.uexp" 866
"../../../Engine/Plugins/Interchange/Assets/Content/gltf/MaterialFunctions/MF_IOR.uasset" 867
"../../../Engine/Plugins/Interchange/Assets/Content/gltf/MaterialFunctions/MF_IOR.uexp" 868
"../../../Engine/Plugins/Interchange/Assets/Content/gltf/MaterialFunctions/MF_Iridescence.uasset" 869
"../../../Engine/Plugins/Interchange/Assets/Content/gltf/MaterialFunctions/MF_Iridescence.uexp" 870
"../../../Engine/Plugins/Interchange/Assets/Content/gltf/Textures/T_White_Linear.uasset" 871
"../../../Engine/Plugins/Interchange/Assets/Content/gltf/Textures/T_White_Linear.uexp" 872
"../../../Engine/Plugins/Interchange/Assets/Content/gltf/MaterialFunctions/MF_MetallicRoughness.uasset" 873
"../../../Engine/Plugins/Interchange/Assets/Content/gltf/MaterialFunctions/MF_MetallicRoughness.uexp" 874
"../../../Engine/Content/Functions/Engine_MaterialFunctions02/Math/Transform3x3Matrix.uasset" 875
"../../../Engine/Content/Functions/Engine_MaterialFunctions02/Math/Transform3x3Matrix.uexp" 876
"../../../Engine/Plugins/Interchange/Assets/Content/gltf/MaterialFunctions/MF_RotateNormals_TS.uasset" 877
"../../../Engine/Plugins/Interchange/Assets/Content/gltf/MaterialFunctions/MF_RotateNormals_TS.uexp" 878
"../../../Engine/Plugins/Interchange/Assets/Content/gltf/MaterialFunctions/MF_ScaleNormal.uasset" 879
"../../../Engine/Plugins/Interchange/Assets/Content/gltf/MaterialFunctions/MF_ScaleNormal.uexp" 880
"../../../Engine/Plugins/Interchange/Assets/Content/gltf/Textures/T_Generic_N.uasset" 881
"../../../Engine/Plugins/Interchange/Assets/Content/gltf/Textures/T_Generic_N.uexp" 882
"../../../Engine/Plugins/Interchange/Assets/Content/gltf/MaterialFunctions/MF_Normals.uasset" 883
"../../../Engine/Plugins/Interchange/Assets/Content/gltf/MaterialFunctions/MF_Normals.uexp" 884
"../../../Engine/Plugins/Interchange/Assets/Content/gltf/MaterialFunctions/MF_Occlusion.uasset" 885
"../../../Engine/Plugins/Interchange/Assets/Content/gltf/MaterialFunctions/MF_Occlusion.uexp" 886
"../../../Engine/Plugins/Interchange/Assets/Content/gltf/MaterialFunctions/MF_Specular.uasset" 887
"../../../Engine/Plugins/Interchange/Assets/Content/gltf/MaterialFunctions/MF_Specular.uexp" 888
"../../../Engine/Plugins/Interchange/Assets/Content/gltf/Textures/T_Anisotropy_Direction_Linear.uasset" 889
"../../../Engine/Plugins/Interchange/Assets/Content/gltf/Textures/T_Anisotropy_Direction_Linear.uexp" 890
"../../../Engine/Plugins/Interchange/Assets/Content/gltf/MaterialFunctions/MF_SpecularAnisotropy.uasset" 891
"../../../Engine/Plugins/Interchange/Assets/Content/gltf/MaterialFunctions/MF_SpecularAnisotropy.uexp" 892
"../../../Engine/Plugins/Interchange/Assets/Content/gltf/MaterialFunctions/MF_Temporal_Blur.uasset" 893
"../../../Engine/Plugins/Interchange/Assets/Content/gltf/MaterialFunctions/MF_Temporal_Blur.uexp" 894
"../../../Engine/Plugins/Interchange/Assets/Content/gltf/MaterialFunctions/MF_Transmission.uasset" 895
"../../../Engine/Plugins/Interchange/Assets/Content/gltf/MaterialFunctions/MF_Transmission.uexp" 896
"../../../Engine/Plugins/Interchange/Assets/Content/gltf/MaterialBodies/MF_Transmission_Body.uasset" 897
"../../../Engine/Plugins/Interchange/Assets/Content/gltf/MaterialBodies/MF_Transmission_Body.uexp" 898
"../../../Engine/Plugins/Interchange/Assets/Content/gltf/M_Transmission.uasset" 899
"../../../Engine/Plugins/Interchange/Assets/Content/gltf/M_Transmission.uexp" 900
"../../../Engine/Plugins/Interchange/Assets/Content/gltf/MaterialInstances/MI_Transmission_DS.uasset" 901
"../../../Engine/Plugins/Interchange/Assets/Content/gltf/MaterialInstances/MI_Transmission_DS.uexp" 902
"../../../Engine/Plugins/Interchange/Assets/Content/gltf/MaterialInstances/MI_Transmission.uasset" 903
"../../../Engine/Plugins/Interchange/Assets/Content/gltf/MaterialInstances/MI_Transmission.uexp" 904
"../../../Engine/Content/Functions/Engine_MaterialFunctions02/Math/AddComponents.uasset" 905
"../../../Engine/Content/Functions/Engine_MaterialFunctions02/Math/AddComponents.uexp" 906
"../../../Engine/Plugins/Interchange/Assets/Content/gltf/MaterialFunctions/MF_DiffuseSpecGloss.uasset" 907
"../../../Engine/Plugins/Interchange/Assets/Content/gltf/MaterialFunctions/MF_DiffuseSpecGloss.uexp" 908
"../../../Engine/Plugins/Interchange/Assets/Content/gltf/MaterialFunctions/MF_Emissive.uasset" 909
"../../../Engine/Plugins/Interchange/Assets/Content/gltf/MaterialFunctions/MF_Emissive.uexp" 910
"../../../Engine/Plugins/Interchange/Assets/Content/gltf/MaterialFunctions/MF_MaxComponentValue.uasset" 911
"../../../Engine/Plugins/Interchange/Assets/Content/gltf/MaterialFunctions/MF_MaxComponentValue.uexp" 912
"../../../Engine/Plugins/Interchange/Assets/Content/gltf/MaterialFunctions/MF_PerceivedBrightness.uasset" 913
"../../../Engine/Plugins/Interchange/Assets/Content/gltf/MaterialFunctions/MF_PerceivedBrightness.uexp" 914
"../../../Engine/Plugins/Interchange/Assets/Content/gltf/MaterialFunctions/MF_SpecGlossToMetalRoughness.uasset" 915
"../../../Engine/Plugins/Interchange/Assets/Content/gltf/MaterialFunctions/MF_SpecGlossToMetalRoughness.uexp" 916
"../../../Engine/Plugins/Interchange/Assets/Content/gltf/MaterialBodies/MF_SpecularGlossiness_Body.uasset" 917
"../../../Engine/Plugins/Interchange/Assets/Content/gltf/MaterialBodies/MF_SpecularGlossiness_Body.uexp" 918
"../../../Engine/Plugins/Interchange/Assets/Content/gltf/M_SpecularGlossiness.uasset" 919
"../../../Engine/Plugins/Interchange/Assets/Content/gltf/M_SpecularGlossiness.uexp" 920
"../../../Engine/Plugins/Interchange/Assets/Content/gltf/MaterialInstances/MI_SpecularGlossiness_Opaque_DS.uasset" 921
"../../../Engine/Plugins/Interchange/Assets/Content/gltf/MaterialInstances/MI_SpecularGlossiness_Opaque_DS.uexp" 922
"../../../Engine/Plugins/Interchange/Assets/Content/gltf/MaterialInstances/MI_SpecularGlossiness_Opaque.uasset" 923
"../../../Engine/Plugins/Interchange/Assets/Content/gltf/MaterialInstances/MI_SpecularGlossiness_Opaque.uexp" 924
"../../../Engine/Plugins/Interchange/Assets/Content/gltf/MaterialInstances/MI_SpecularGlossiness_Mask_DS.uasset" 925
"../../../Engine/Plugins/Interchange/Assets/Content/gltf/MaterialInstances/MI_SpecularGlossiness_Mask_DS.uexp" 926
"../../../Engine/Plugins/Interchange/Assets/Content/gltf/MaterialInstances/MI_SpecularGlossiness_Mask.uasset" 927
"../../../Engine/Plugins/Interchange/Assets/Content/gltf/MaterialInstances/MI_SpecularGlossiness_Mask.uexp" 928
"../../../Engine/Plugins/Interchange/Assets/Content/gltf/MaterialInstances/MI_SpecularGlossiness_Blend_DS.uasset" 929
"../../../Engine/Plugins/Interchange/Assets/Content/gltf/MaterialInstances/MI_SpecularGlossiness_Blend_DS.uexp" 930
"../../../Engine/Plugins/Interchange/Assets/Content/gltf/MaterialInstances/MI_SpecularGlossiness_Blend.uasset" 931
"../../../Engine/Plugins/Interchange/Assets/Content/gltf/MaterialInstances/MI_SpecularGlossiness_Blend.uexp" 932
"../../../Engine/Plugins/Interchange/Assets/Content/gltf/MaterialFunctions/MF_Sheen.uasset" 933
"../../../Engine/Plugins/Interchange/Assets/Content/gltf/MaterialFunctions/MF_Sheen.uexp" 934
"../../../Engine/Plugins/Interchange/Assets/Content/gltf/MaterialBodies/MF_Sheen_Body.uasset" 935
"../../../Engine/Plugins/Interchange/Assets/Content/gltf/MaterialBodies/MF_Sheen_Body.uexp" 936
"../../../Engine/Plugins/Interchange/Assets/Content/gltf/M_Sheen.uasset" 937
"../../../Engine/Plugins/Interchange/Assets/Content/gltf/M_Sheen.uexp" 938
"../../../Engine/Plugins/Interchange/Assets/Content/gltf/MaterialInstances/MI_Sheen_Opaque_DS.uasset" 939
"../../../Engine/Plugins/Interchange/Assets/Content/gltf/MaterialInstances/MI_Sheen_Opaque_DS.uexp" 940
"../../../Engine/Plugins/Interchange/Assets/Content/gltf/MaterialInstances/MI_Sheen_Opaque.uasset" 941
"../../../Engine/Plugins/Interchange/Assets/Content/gltf/MaterialInstances/MI_Sheen_Opaque.uexp" 942
"../../../Engine/Plugins/Interchange/Assets/Content/gltf/MaterialInstances/MI_Sheen_Mask_DS.uasset" 943
"../../../Engine/Plugins/Interchange/Assets/Content/gltf/MaterialInstances/MI_Sheen_Mask_DS.uexp" 944
"../../../Engine/Plugins/Interchange/Assets/Content/gltf/MaterialInstances/MI_Sheen_Mask.uasset" 945
"../../../Engine/Plugins/Interchange/Assets/Content/gltf/MaterialInstances/MI_Sheen_Mask.uexp" 946
"../../../Engine/Plugins/Interchange/Assets/Content/gltf/MaterialInstances/MI_Sheen_Blend_DS.uasset" 947
"../../../Engine/Plugins/Interchange/Assets/Content/gltf/MaterialInstances/MI_Sheen_Blend_DS.uexp" 948
"../../../Engine/Plugins/Interchange/Assets/Content/gltf/MaterialInstances/MI_Sheen_Blend.uasset" 949
"../../../Engine/Plugins/Interchange/Assets/Content/gltf/MaterialInstances/MI_Sheen_Blend.uexp" 950
"../../../Engine/Plugins/Interchange/Assets/Content/gltf/MaterialBodies/MF_Default_Body.uasset" 951
"../../../Engine/Plugins/Interchange/Assets/Content/gltf/MaterialBodies/MF_Default_Body.uexp" 952
"../../../Engine/Plugins/Interchange/Assets/Content/gltf/M_Default.uasset" 953
"../../../Engine/Plugins/Interchange/Assets/Content/gltf/M_Default.uexp" 954
"../../../Engine/Plugins/Interchange/Assets/Content/gltf/MaterialInstances/MI_Default_Opaque_DS.uasset" 955
"../../../Engine/Plugins/Interchange/Assets/Content/gltf/MaterialInstances/MI_Default_Opaque_DS.uexp" 956
"../../../Engine/Plugins/Interchange/Assets/Content/gltf/MaterialInstances/MI_Default_Opaque.uasset" 957
"../../../Engine/Plugins/Interchange/Assets/Content/gltf/MaterialInstances/MI_Default_Opaque.uexp" 958
"../../../Engine/Plugins/Interchange/Assets/Content/gltf/MaterialInstances/MI_Default_Mask_DS.uasset" 959
"../../../Engine/Plugins/Interchange/Assets/Content/gltf/MaterialInstances/MI_Default_Mask_DS.uexp" 960
"../../../Engine/Plugins/Interchange/Assets/Content/gltf/MaterialInstances/MI_Default_Mask.uasset" 961
"../../../Engine/Plugins/Interchange/Assets/Content/gltf/MaterialInstances/MI_Default_Mask.uexp" 962
"../../../Engine/Plugins/Interchange/Assets/Content/gltf/MaterialInstances/MI_Default_Blend_DS.uasset" 963
"../../../Engine/Plugins/Interchange/Assets/Content/gltf/MaterialInstances/MI_Default_Blend_DS.uexp" 964
"../../../Engine/Plugins/Interchange/Assets/Content/gltf/MaterialInstances/MI_Default_Blend.uasset" 965
"../../../Engine/Plugins/Interchange/Assets/Content/gltf/MaterialInstances/MI_Default_Blend.uexp" 966
"../../../Engine/Content/Functions/Engine_MaterialFunctions01/Texturing/FlattenNormal.uasset" 967
"../../../Engine/Content/Functions/Engine_MaterialFunctions01/Texturing/FlattenNormal.uexp" 968
"../../../Engine/Plugins/Interchange/Assets/Content/gltf/MaterialFunctions/MF_Clearcoat.uasset" 969
"../../../Engine/Plugins/Interchange/Assets/Content/gltf/MaterialFunctions/MF_Clearcoat.uexp" 970
"../../../Engine/Plugins/Interchange/Assets/Content/gltf/MaterialBodies/MF_ClearCoat_Body.uasset" 971
"../../../Engine/Plugins/Interchange/Assets/Content/gltf/MaterialBodies/MF_ClearCoat_Body.uexp" 972
"../../../Engine/Plugins/Interchange/Assets/Content/gltf/M_ClearCoat.uasset" 973
"../../../Engine/Plugins/Interchange/Assets/Content/gltf/M_ClearCoat.uexp" 974
"../../../Engine/Plugins/Interchange/Assets/Content/gltf/MaterialInstances/MI_ClearCoat_Opaque_DS.uasset" 975
"../../../Engine/Plugins/Interchange/Assets/Content/gltf/MaterialInstances/MI_ClearCoat_Opaque_DS.uexp" 976
"../../../Engine/Plugins/Interchange/Assets/Content/gltf/MaterialInstances/MI_ClearCoat_Opaque.uasset" 977
"../../../Engine/Plugins/Interchange/Assets/Content/gltf/MaterialInstances/MI_ClearCoat_Opaque.uexp" 978
"../../../Engine/Plugins/Interchange/Assets/Content/gltf/MaterialInstances/MI_ClearCoat_Mask_DS.uasset" 979
"../../../Engine/Plugins/Interchange/Assets/Content/gltf/MaterialInstances/MI_ClearCoat_Mask_DS.uexp" 980
"../../../Engine/Plugins/Interchange/Assets/Content/gltf/MaterialInstances/MI_ClearCoat_Mask.uasset" 981
"../../../Engine/Plugins/Interchange/Assets/Content/gltf/MaterialInstances/MI_ClearCoat_Mask.uexp" 982
"../../../Engine/Plugins/Interchange/Assets/Content/gltf/MaterialInstances/MI_ClearCoat_Blend_DS.uasset" 983
"../../../Engine/Plugins/Interchange/Assets/Content/gltf/MaterialInstances/MI_ClearCoat_Blend_DS.uexp" 984
"../../../Engine/Plugins/Interchange/Assets/Content/gltf/MaterialInstances/MI_ClearCoat_Blend.uasset" 985
"../../../Engine/Plugins/Interchange/Assets/Content/gltf/MaterialInstances/MI_ClearCoat_Blend.uexp" 986
"../../../Engine/Content/EngineMaterials/Substrate/Volume/SubstrateSimpleVolumeLUT3D.uasset" 987
"../../../Engine/Content/EngineMaterials/Substrate/Volume/SubstrateSimpleVolumeLUT3D.uexp" 988
"../../../Engine/Content/EngineMaterials/Substrate/Volume/SubstrateSimpleVolumeEnvLUT3D.uasset" 989
"../../../Engine/Content/EngineMaterials/Substrate/Volume/SubstrateSimpleVolumeEnvLUT3D.uexp" 990
"../../../Engine/Content/EngineMaterials/Substrate/Glints2/AGlintTex2dArray2.uasset" 991
"../../../Engine/Content/EngineMaterials/Substrate/Glints2/AGlintTex2dArray2.uexp" 992
"../../../Engine/Content/EngineMaterials/Substrate/GLints/AGlintTex2dArray.uasset" 993
"../../../Engine/Content/EngineMaterials/Substrate/GLints/AGlintTex2dArray.uexp" 994
"../../../Engine/Content/ArtTools/RenderToTexture/Meshes/S_1_Unit_Plane.ubulk" 995
"../../../Engine/Content/ArtTools/RenderToTexture/Meshes/S_1_Unit_Plane.uasset" 996
"../../../Engine/Content/ArtTools/RenderToTexture/Meshes/S_1_Unit_Plane.uexp" 997
"../../../Engine/Plugins/NNE/NNEDenoiser/Content/NNED_Oidn2-3_HighQuality_Alpha.uasset" 998
"../../../Engine/Plugins/NNE/NNEDenoiser/Content/NNED_Oidn2-3_HighQuality_Alpha.uexp" 999
"../../../Engine/Plugins/NNE/NNEDenoiser/Content/NNED_Oidn2-3_HighQuality.uasset" 1000
"../../../Engine/Plugins/NNE/NNEDenoiser/Content/NNED_Oidn2-3_HighQuality.uexp" 1001
"../../../Engine/Plugins/NNE/NNEDenoiser/Content/NNED_Oidn2-3_Fast_Alpha.uasset" 1002
"../../../Engine/Plugins/NNE/NNEDenoiser/Content/NNED_Oidn2-3_Fast_Alpha.uexp" 1003
"../../../Engine/Plugins/NNE/NNEDenoiser/Content/NNED_Oidn2-3_Fast.uasset" 1004
"../../../Engine/Plugins/NNE/NNEDenoiser/Content/NNED_Oidn2-3_Fast.uexp" 1005
"../../../Engine/Plugins/NNE/NNEDenoiser/Content/NNED_Oidn2-3_Balanced_Alpha.uasset" 1006
"../../../Engine/Plugins/NNE/NNEDenoiser/Content/NNED_Oidn2-3_Balanced_Alpha.uexp" 1007
"../../../Engine/Plugins/NNE/NNEDenoiser/Content/NNED_Oidn2-3_Balanced.uasset" 1008
"../../../Engine/Plugins/NNE/NNEDenoiser/Content/NNED_Oidn2-3_Balanced.uexp" 1009
"../../../Engine/Plugins/NNE/NNEDenoiser/Content/NNEDT_Oidn2-3_Balanced_Alpha.uasset" 1010
"../../../Engine/Plugins/NNE/NNEDenoiser/Content/NNEDT_Oidn2-3_Balanced_Alpha.uexp" 1011
"../../../Engine/Plugins/NNE/NNEDenoiser/Content/NNEDT_Oidn2-3_Balanced.uasset" 1012
"../../../Engine/Plugins/NNE/NNEDenoiser/Content/NNEDT_Oidn2-3_Balanced.uexp" 1013
"../../../Engine/Plugins/Animation/DeformerGraph/Content/DeformerFunctions/DG_Function_LinearBlendSkin_Morph_Cloth_PositionOnly.uasset" 1014
"../../../Engine/Plugins/Animation/DeformerGraph/Content/DeformerFunctions/DG_Function_LinearBlendSkin_Morph_Cloth_PositionOnly.uexp" 1015
"../../../Engine/Plugins/Animation/DeformerGraph/Content/DeformerFunctions/DG_Function_ComputeNormalsTangents.uasset" 1016
"../../../Engine/Plugins/Animation/DeformerGraph/Content/DeformerFunctions/DG_Function_ComputeNormalsTangents.uexp" 1017
"../../../Engine/Plugins/Animation/DeformerGraph/Content/Deformers/DG_LinearBlendSkin_Morph_Cloth_RecomputeNormals.uasset" 1018
"../../../Engine/Plugins/Animation/DeformerGraph/Content/Deformers/DG_LinearBlendSkin_Morph_Cloth_RecomputeNormals.uexp" 1019
"../../../Engine/Plugins/Animation/DeformerGraph/Content/DeformerFunctions/DG_Function_LinearBlendSkin_Morph_Cloth.uasset" 1020
"../../../Engine/Plugins/Animation/DeformerGraph/Content/DeformerFunctions/DG_Function_LinearBlendSkin_Morph_Cloth.uexp" 1021
"../../../Engine/Plugins/Animation/DeformerGraph/Content/Deformers/DG_LinearBlendSkin_Morph_Cloth.uasset" 1022
"../../../Engine/Plugins/Animation/DeformerGraph/Content/Deformers/DG_LinearBlendSkin_Morph_Cloth.uexp" 1023
"../../../Engine/Content/VREditor/Sounds/UI/Drop_Item_From_ContentBrowser.ubulk" 1024
"../../../Engine/Content/VREditor/Sounds/UI/Drop_Item_From_ContentBrowser.uasset" 1025
"../../../Engine/Content/VREditor/Sounds/UI/Drop_Item_From_ContentBrowser.uexp" 1026
"../../../Engine/Content/VREditor/TransformGizmo/TransformGizmoMaterial_Inst.uasset" 1027
"../../../Engine/Content/VREditor/TransformGizmo/TransformGizmoMaterial_Inst.uexp" 1028
"../../../Engine/Content/VREditor/TransformGizmo/TranslucentTransformGizmoMaterial_Inst.uasset" 1029
"../../../Engine/Content/VREditor/TransformGizmo/TranslucentTransformGizmoMaterial_Inst.uexp" 1030
"../../../Engine/Content/Functions/Engine_MaterialFunctions02/SplitComponents.uasset" 1031
"../../../Engine/Content/Functions/Engine_MaterialFunctions02/SplitComponents.uexp" 1032
"../../../Engine/Content/VREditor/SnapGrid/SnapGridMaterial.uasset" 1033
"../../../Engine/Content/VREditor/SnapGrid/SnapGridMaterial.uexp" 1034
"../../../Engine/Content/VREditor/SnapGrid/SnapGridPlaneMesh.ubulk" 1035
"../../../Engine/Content/VREditor/SnapGrid/SnapGridPlaneMesh.uasset" 1036
"../../../Engine/Content/VREditor/SnapGrid/SnapGridPlaneMesh.uexp" 1037
"../../../Engine/Content/VREditor/Sounds/UI/Gizmo_Handle_Clicked.ubulk" 1038
"../../../Engine/Content/VREditor/Sounds/UI/Gizmo_Handle_Clicked.uasset" 1039
"../../../Engine/Content/VREditor/Sounds/UI/Gizmo_Handle_Clicked.uexp" 1040
"../../../Engine/Content/VREditor/Sounds/UI/Object_PickUp.ubulk" 1041
"../../../Engine/Content/VREditor/Sounds/UI/Object_PickUp.uasset" 1042
"../../../Engine/Content/VREditor/Sounds/UI/Object_PickUp.uexp" 1043
"../../../Engine/Content/VREditor/Sounds/UI/Object_Snaps_To_Another_Actor.ubulk" 1044
"../../../Engine/Content/VREditor/Sounds/UI/Object_Snaps_To_Another_Actor.uasset" 1045
"../../../Engine/Content/VREditor/Sounds/UI/Object_Snaps_To_Another_Actor.uexp" 1046
"../../../Engine/Content/VREditor/Sounds/UI/Object_Snaps_To_Grid.ubulk" 1047
"../../../Engine/Content/VREditor/Sounds/UI/Object_Snaps_To_Grid.uasset" 1048
"../../../Engine/Content/VREditor/Sounds/UI/Object_Snaps_To_Grid.uexp" 1049
"../../../Engine/Content/VREditor/Sounds/UI/Scaling_Down.ubulk" 1050
"../../../Engine/Content/VREditor/Sounds/UI/Scaling_Down.uasset" 1051
"../../../Engine/Content/VREditor/Sounds/UI/Scaling_Down.uexp" 1052
"../../../Engine/Content/VREditor/Sounds/UI/Scaling_Up.ubulk" 1053
"../../../Engine/Content/VREditor/Sounds/UI/Scaling_Up.uasset" 1054
"../../../Engine/Content/VREditor/Sounds/UI/Scaling_Up.uexp" 1055
"../../../Engine/Content/VREditor/Sounds/UI/Selection_Changes.ubulk" 1056
"../../../Engine/Content/VREditor/Sounds/UI/Selection_Changes.uasset" 1057
"../../../Engine/Content/VREditor/Sounds/UI/Selection_Changes.uexp" 1058
"../../../Engine/Content/VREditor/TransformGizmo/PlaneTranslationHandle.ubulk" 1059
"../../../Engine/Content/VREditor/TransformGizmo/PlaneTranslationHandle.uasset" 1060
"../../../Engine/Content/VREditor/TransformGizmo/PlaneTranslationHandle.uexp" 1061
"../../../Engine/Content/VREditor/TransformGizmo/RotationHandleFull.ubulk" 1062
"../../../Engine/Content/VREditor/TransformGizmo/RotationHandleFull.uasset" 1063
"../../../Engine/Content/VREditor/TransformGizmo/RotationHandleFull.uexp" 1064
"../../../Engine/Content/VREditor/TransformGizmo/RotationHandleIndicator.ubulk" 1065
"../../../Engine/Content/VREditor/TransformGizmo/RotationHandleIndicator.uasset" 1066
"../../../Engine/Content/VREditor/TransformGizmo/RotationHandleIndicator.uexp" 1067
"../../../Engine/Content/VREditor/TransformGizmo/RotationHandleQuarter.ubulk" 1068
"../../../Engine/Content/VREditor/TransformGizmo/RotationHandleQuarter.uasset" 1069
"../../../Engine/Content/VREditor/TransformGizmo/RotationHandleQuarter.uexp" 1070
"../../../Engine/Content/VREditor/TransformGizmo/StartRotationHandleIndicator.ubulk" 1071
"../../../Engine/Content/VREditor/TransformGizmo/StartRotationHandleIndicator.uasset" 1072
"../../../Engine/Content/VREditor/TransformGizmo/StartRotationHandleIndicator.uexp" 1073
"../../../Engine/Content/VREditor/TransformGizmo/TransformGizmoFreeRotation.ubulk" 1074
"../../../Engine/Content/VREditor/TransformGizmo/TransformGizmoFreeRotation.uasset" 1075
"../../../Engine/Content/VREditor/TransformGizmo/TransformGizmoFreeRotation.uexp" 1076
"../../../Engine/Content/VREditor/TransformGizmo/TranslateArrowHandle.ubulk" 1077
"../../../Engine/Content/VREditor/TransformGizmo/TranslateArrowHandle.uasset" 1078
"../../../Engine/Content/VREditor/TransformGizmo/TranslateArrowHandle.uexp" 1079
"../../../Engine/Content/VREditor/TransformGizmo/UniformScaleHandle.ubulk" 1080
"../../../Engine/Content/VREditor/TransformGizmo/UniformScaleHandle.uasset" 1081
"../../../Engine/Content/VREditor/TransformGizmo/UniformScaleHandle.uexp" 1082
"../../../Engine/Content/Maps/Entry_BuiltData.uasset" 1083
"../../../Engine/Content/Maps/Entry_BuiltData.uexp" 1084
"../../../Engine/Content/Maps/Entry.uexp" 1085
"../../../Engine/Content/Maps/Entry.umap" 1086
"C:/280 unreal/SuperHot/Content/Materials/World.uasset" 1087
"C:/280 unreal/SuperHot/Content/Materials/World.uexp" 1088
"../../../Engine/Content/MapTemplates/SM_Template_Map_Floor.ubulk" 1089
"../../../Engine/Content/MapTemplates/SM_Template_Map_Floor.uasset" 1090
"../../../Engine/Content/MapTemplates/SM_Template_Map_Floor.uexp" 1091
"../../../Engine/Content/EngineSky/T_Sky_Stars.ubulk" 1092
"../../../Engine/Content/EngineSky/T_Sky_Stars.uasset" 1093
"../../../Engine/Content/EngineSky/T_Sky_Stars.uexp" 1094
"../../../Engine/Content/EngineSky/T_Sky_Clouds_M.ubulk" 1095
"../../../Engine/Content/EngineSky/T_Sky_Clouds_M.uasset" 1096
"../../../Engine/Content/EngineSky/T_Sky_Clouds_M.uexp" 1097
"../../../Engine/Content/EngineSky/T_Sky_Blue.ubulk" 1098
"../../../Engine/Content/EngineSky/T_Sky_Blue.uasset" 1099
"../../../Engine/Content/EngineSky/T_Sky_Blue.uexp" 1100
"../../../Engine/Content/EngineSky/M_Sky_Panning_Clouds2.uasset" 1101
"../../../Engine/Content/EngineSky/M_Sky_Panning_Clouds2.uexp" 1102
"../../../Engine/Content/EngineSky/SM_SkySphere.ubulk" 1103
"../../../Engine/Content/EngineSky/SM_SkySphere.uasset" 1104
"../../../Engine/Content/EngineSky/SM_SkySphere.uexp" 1105
"../../../Engine/Content/EngineSky/M_SimpleSkyDome.uasset" 1106
"../../../Engine/Content/EngineSky/M_SimpleSkyDome.uexp" 1107
"C:/280 unreal/SuperHot/Content/Blueprints/BP_BulletEnemy.uasset" 1108
"C:/280 unreal/SuperHot/Content/Blueprints/BP_BulletEnemy.uexp" 1109
"C:/280 unreal/SuperHot/Content/Blueprints/BP_Enemy_Shooter.uasset" 1110
"C:/280 unreal/SuperHot/Content/Blueprints/BP_Enemy_Shooter.uexp" 1111
"C:/280 unreal/SuperHot/Content/Levels/Level1.uexp" 1112
"C:/280 unreal/SuperHot/Content/Levels/Level1.umap" 1113
